tdvplayer.js?v=1748641500788:1073 [video 0][04:13:01.710Z] AudioController updateVolume paused: true outputVolume: 1
tdvplayer.js?v=1748641500788:1073 [video 1][04:13:01.710Z] AudioController updateVolume paused: true outputVolume: 1
tdvplayer.js?v=1748641500788:1073 [video 2][04:13:01.711Z] AudioController updateVolume paused: true outputVolume: 1
tdvplayer.js?v=1748641500788:1073 [video 3][04:13:01.711Z] AudioController updateVolume paused: true outputVolume: 1
tdvplayer.js?v=1748641500788:1073 [video 4][04:13:01.711Z] AudioController updateVolume paused: true outputVolume: 1
tdvplayer.js?v=1748641500788:1073 [video 5][04:13:01.711Z] AudioController updateVolume paused: true outputVolume: 1
tdvplayer.js?v=1748641500788:1073 [video 6][04:13:01.711Z] AudioController updateVolume paused: true outputVolume: 1
tdvplayer.js?v=1748641500788:1073 [video 7][04:13:01.711Z] AudioController updateVolume paused: true outputVolume: 1
tdvplayer.js?v=1748641500788:1073 [video 8][04:13:01.711Z] AudioController updateVolume paused: true outputVolume: 1
tdvplayer.js?v=1748641500788:1073 [video 9][04:13:01.711Z] AudioController updateVolume paused: true outputVolume: 1
tdvremote.js?v=1748641500788:1 PXL 360 Player v:2169
tdvplayer.js?v=1748641500788:159 Unrecognized feature: 'vr'.
attr @ tdvplayer.js?v=1748641500788:159
$ @ tdvplayer.js?v=1748641500788:94
attr @ tdvplayer.js?v=1748641500788:158
(anonymous) @ tdvplayer.js?v=1748641500788:3957
(anonymous) @ tdvplayer.js?v=1748641500788:3700
(anonymous) @ tdvplayer.js?v=1748641500788:3700
(anonymous) @ tdvplayer.js?v=1748641500788:3701
m @ tdvplayer.js?v=1748641500788:511
Promise.then
XB @ tdvplayer.js?v=1748641500788:511
(anonymous) @ tdvplayer.js?v=1748641500788:3701
(anonymous) @ tdvplayer.js?v=1748641500788:3699
(anonymous) @ tdvplayer.js?v=1748641500788:599
(anonymous) @ tdvplayer.js?v=1748641500788:598
(anonymous) @ tdvplayer.js?v=1748641500788:582
(anonymous) @ tdvplayer.js?v=1748641500788:675
(anonymous) @ tdvplayer.js?v=1748641500788:3703
(anonymous) @ tdvplayer.js?v=1748641500788:3717
(anonymous) @ tdvplayer.js?v=1748641500788:491
(anonymous) @ tdvplayer.js?v=1748641500788:487
(anonymous) @ tdvplayer.js?v=1748641500788:487
(anonymous) @ tdvplayer.js?v=1748641500788:4011
(anonymous) @ tdvplayer.js?v=1748641500788:4008
(anonymous) @ tdvplayer.js?v=1748641500788:4019
(anonymous) @ tdvplayer.js?v=1748641500788:256
setTimeout
(anonymous) @ tdvplayer.js?v=1748641500788:256
c @ tdvplayer.js?v=1748641500788:241
P @ tdvplayer.js?v=1748641500788:255
(anonymous) @ tdvplayer.js?v=1748641500788:4019
(anonymous) @ tdvplayer.js?v=1748641500788:4019
(anonymous) @ tdvplayer.js?v=1748641500788:3659
(anonymous) @ tdvplayer.js?v=1748641500788:516
(anonymous) @ tdvplayer.js?v=1748641500788:515
(anonymous) @ tdvplayer.js?v=1748641500788:3660
(anonymous) @ tdvplayer.js?v=1748641500788:3659
e @ tdvplayer.js?v=1748641500788:4019
(anonymous) @ tdvplayer.js?v=1748641500788:211
(anonymous) @ script_general.js:230
(anonymous) @ script_general.js:232
tdvplayer.js?v=1748641500788:159 Allow attribute will take precedence over 'allowfullscreen'.
attr @ tdvplayer.js?v=1748641500788:159
$ @ tdvplayer.js?v=1748641500788:94
attr @ tdvplayer.js?v=1748641500788:158
(anonymous) @ tdvplayer.js?v=1748641500788:3957
(anonymous) @ tdvplayer.js?v=1748641500788:3700
(anonymous) @ tdvplayer.js?v=1748641500788:3700
(anonymous) @ tdvplayer.js?v=1748641500788:3701
m @ tdvplayer.js?v=1748641500788:511
Promise.then
XB @ tdvplayer.js?v=1748641500788:511
(anonymous) @ tdvplayer.js?v=1748641500788:3701
(anonymous) @ tdvplayer.js?v=1748641500788:3699
(anonymous) @ tdvplayer.js?v=1748641500788:599
(anonymous) @ tdvplayer.js?v=1748641500788:598
(anonymous) @ tdvplayer.js?v=1748641500788:582
(anonymous) @ tdvplayer.js?v=1748641500788:675
(anonymous) @ tdvplayer.js?v=1748641500788:3703
(anonymous) @ tdvplayer.js?v=1748641500788:3717
(anonymous) @ tdvplayer.js?v=1748641500788:491
(anonymous) @ tdvplayer.js?v=1748641500788:487
(anonymous) @ tdvplayer.js?v=1748641500788:487
(anonymous) @ tdvplayer.js?v=1748641500788:4011
(anonymous) @ tdvplayer.js?v=1748641500788:4008
(anonymous) @ tdvplayer.js?v=1748641500788:4019
(anonymous) @ tdvplayer.js?v=1748641500788:256
setTimeout
(anonymous) @ tdvplayer.js?v=1748641500788:256
c @ tdvplayer.js?v=1748641500788:241
P @ tdvplayer.js?v=1748641500788:255
(anonymous) @ tdvplayer.js?v=1748641500788:4019
(anonymous) @ tdvplayer.js?v=1748641500788:4019
(anonymous) @ tdvplayer.js?v=1748641500788:3659
(anonymous) @ tdvplayer.js?v=1748641500788:516
(anonymous) @ tdvplayer.js?v=1748641500788:515
(anonymous) @ tdvplayer.js?v=1748641500788:3660
(anonymous) @ tdvplayer.js?v=1748641500788:3659
e @ tdvplayer.js?v=1748641500788:4019
(anonymous) @ tdvplayer.js?v=1748641500788:211
(anonymous) @ script_general.js:230
(anonymous) @ script_general.js:232
tdvremote.js?v=1748641500788:1 [video 4][04:13:01.869Z] AudioController set muted: true
tdvremote.js?v=1748641500788:1 [video 4][04:13:01.869Z] AudioController updateVolume paused: true outputVolume: 0
tdvremote.js?v=1748641500788:1 [video 4][04:13:01.869Z] HTMLMediaPlayer play src: undefined subtitlesSrc: undefined hasAudio: true gain: 1
tdvremote.js?v=1748641500788:1 [video 4][04:13:01.869Z] HTMLMediaPlayer assert can play
tdvremote.js?v=1748641500788:1 [video 4][04:13:01.869Z] HTMLMediaPlayer can play activationState: inactive pending media has audio: true muted: true
tdvremote.js?v=1748641500788:1 [video 4][04:13:01.870Z] HTMLMediaPlayer media can play. Has pending properties: true
tdvremote.js?v=1748641500788:1 [video 4][04:13:01.870Z] SrcSetter set: undefined subtitles: undefined startTime: 0
tdvremote.js?v=1748641500788:1 [video 4][04:13:01.870Z] SrcSetter src ready
tdvremote.js?v=1748641500788:1 [video 4][04:13:01.870Z] HTMLMediaPlayer on pending src ready
tdvremote.js?v=1748641500788:1 [video 4][04:13:01.870Z] TimeController setTime: 0
tdvremote.js?v=1748641500788:1 [video 4][04:13:01.870Z] PlaybackController play
tdvremote.js?v=1748641500788:1 [video 4][04:13:01.870Z] PlaybackController startPlaying calling play
tdvremote.js?v=1748641500788:1 [video 4][04:13:01.870Z] PlaybackController this._media.play()
tdvremote.js?v=1748641500788:1 [video 0][04:13:01.870Z] HTMLMediaPlayer stop
tdvremote.js?v=1748641500788:1 [video 0][04:13:01.870Z] PlaybackController stop
tdvremote.js?v=1748641500788:1 [video 0][04:13:01.870Z] PlaybackController startPausing already paused
tdvremote.js?v=1748641500788:1 [video 0][04:13:01.871Z] PlaybackController onPause event received when waiting to stop
tdvremote.js?v=1748641500788:1 [video 1][04:13:01.871Z] HTMLMediaPlayer stop
tdvremote.js?v=1748641500788:1 [video 1][04:13:01.871Z] PlaybackController stop
tdvremote.js?v=1748641500788:1 [video 1][04:13:01.871Z] PlaybackController startPausing already paused
tdvremote.js?v=1748641500788:1 [video 1][04:13:01.871Z] PlaybackController onPause event received when waiting to stop
tdvremote.js?v=1748641500788:1 [video 2][04:13:01.871Z] HTMLMediaPlayer stop
tdvremote.js?v=1748641500788:1 [video 2][04:13:01.871Z] PlaybackController stop
tdvremote.js?v=1748641500788:1 [video 2][04:13:01.871Z] PlaybackController startPausing already paused
tdvremote.js?v=1748641500788:1 [video 2][04:13:01.871Z] PlaybackController onPause event received when waiting to stop
tdvremote.js?v=1748641500788:1 [video 3][04:13:01.871Z] HTMLMediaPlayer stop
tdvremote.js?v=1748641500788:1 [video 3][04:13:01.871Z] PlaybackController stop
tdvremote.js?v=1748641500788:1 [video 3][04:13:01.871Z] PlaybackController startPausing already paused
tdvremote.js?v=1748641500788:1 [video 3][04:13:01.871Z] PlaybackController onPause event received when waiting to stop
tdvremote.js?v=1748641500788:1 [video 5][04:13:01.871Z] HTMLMediaPlayer stop
tdvremote.js?v=1748641500788:1 [video 5][04:13:01.871Z] PlaybackController stop
tdvremote.js?v=1748641500788:1 [video 5][04:13:01.871Z] PlaybackController startPausing already paused
tdvremote.js?v=1748641500788:1 [video 5][04:13:01.871Z] PlaybackController onPause event received when waiting to stop
tdvremote.js?v=1748641500788:1 [video 6][04:13:01.871Z] HTMLMediaPlayer stop
tdvremote.js?v=1748641500788:1 [video 6][04:13:01.871Z] PlaybackController stop
tdvremote.js?v=1748641500788:1 [video 6][04:13:01.871Z] PlaybackController startPausing already paused
tdvremote.js?v=1748641500788:1 [video 6][04:13:01.871Z] PlaybackController onPause event received when waiting to stop
tdvremote.js?v=1748641500788:1 [video 7][04:13:01.871Z] HTMLMediaPlayer stop
tdvremote.js?v=1748641500788:1 [video 7][04:13:01.871Z] PlaybackController stop
tdvremote.js?v=1748641500788:1 [video 7][04:13:01.871Z] PlaybackController startPausing already paused
tdvremote.js?v=1748641500788:1 [video 7][04:13:01.871Z] PlaybackController onPause event received when waiting to stop
tdvremote.js?v=1748641500788:1 [video 8][04:13:01.872Z] HTMLMediaPlayer stop
tdvremote.js?v=1748641500788:1 [video 8][04:13:01.872Z] PlaybackController stop
tdvremote.js?v=1748641500788:1 [video 8][04:13:01.872Z] PlaybackController startPausing already paused
tdvremote.js?v=1748641500788:1 [video 8][04:13:01.872Z] PlaybackController onPause event received when waiting to stop
tdvremote.js?v=1748641500788:1 [video 9][04:13:01.872Z] HTMLMediaPlayer stop
tdvremote.js?v=1748641500788:1 [video 9][04:13:01.872Z] PlaybackController stop
tdvremote.js?v=1748641500788:1 [video 9][04:13:01.872Z] PlaybackController startPausing already paused
tdvremote.js?v=1748641500788:1 [video 9][04:13:01.872Z] PlaybackController onPause event received when waiting to stop
tdvremote.js?v=1748641500788:1 change callState disconnected
tdvremote.js?v=1748641500788:1 initialize call [{…}]
tdvremote.js?v=1748641500788:1 change channelId ym8qhy2gkv0u
tdvremote.js?v=1748641500788:1 change channelState checking
tdvremote.js?v=1748641500788:1 fetchJSON call (2) [URL, 'GET']
tdvremote.js?v=1748641500788:1 initialize call [{…}]
tdvremote.js?v=1748641500788:1 change bugReportVisible false
tdvremote.js?v=1748641500788:1 setPlayer call [a]
tdvremote.js?v=1748641500788:1 change player a {Ip: e, zt: e, Qc: {…}}
tdvremote.js?v=1748641500788:1 setPlayer call [a]
tdvremote.js?v=1748641500788:1 change player a {Ip: e, zt: e, Qc: {…}}
tdvremote.js?v=1748641500788:1 Local Fuse.js loaded successfully
tdvremote.js?v=1748641500788:1 [video 4][04:13:01.895Z] AudioController updateVolume paused: false outputVolume: 0
tdvremote.js?v=1748641500788:1 [video 4][04:13:01.895Z] PlaybackController onPlay event received when waiting to play
tdvremote.js?v=1748641500788:1 [video 4][04:13:01.895Z] PlaybackController onPause event received without calling to pause
tdvremote.js?v=1748641500788:1 [Search] Found existing searchContainer in DOM, updating element cache
index.htm:1 [DOM] Password field is not contained in a form: (More info: https://goo.gl/9p2vKq) <input class=​"password" type=​"password" placeholder=​"Enter password..." required>​
tdvremote.js?v=1748641500788:1 Exception handling event enableCookies ga is not defined ReferenceError: ga is not defined
    at enableCookies (http://127.0.0.1:5500/script.js?v=1748641500788:121:4)
    at a.Gz (http://127.0.0.1:5500/lib/tdvplayer.js?v=1748641500788:235:425)
    at http://127.0.0.1:5500/lib/tdvplayer.js?v=1748641500788:235:321
tdvremote.js?v=1748641500788:1 [video 4][04:13:01.959Z] HTMLMediaPlayer play src: http://127.0.0.1:5500/media/audio_ECE9AD5B_CA95_64DA_41C4_FAA0E90AE746_en.mp3?v=1748641500788 subtitlesSrc: undefined hasAudio: true gain: 1
tdvremote.js?v=1748641500788:1 [video 4][04:13:01.959Z] HTMLMediaPlayer assert can play
tdvremote.js?v=1748641500788:1 [video 4][04:13:01.959Z] HTMLMediaPlayer can play activationState: inactive pending media has audio: true muted: true
tdvremote.js?v=1748641500788:1 [video 4][04:13:01.959Z] HTMLMediaPlayer media can play. Has pending properties: true
tdvremote.js?v=1748641500788:1 [video 4][04:13:01.959Z] SrcSetter set: http://127.0.0.1:5500/media/audio_ECE9AD5B_CA95_64DA_41C4_FAA0E90AE746_en.mp3?v=1748641500788 subtitles: undefined startTime: 0
tdvremote.js?v=1748641500788:1 [video 4][04:13:01.959Z] SrcSetter src ready
tdvremote.js?v=1748641500788:1 [video 4][04:13:01.959Z] HTMLMediaPlayer on pending src ready
tdvremote.js?v=1748641500788:1 [video 4][04:13:01.959Z] TimeController setTime: 0
tdvremote.js?v=1748641500788:1 [video 4][04:13:01.959Z] PlaybackController play
tdvremote.js?v=1748641500788:1 [video 4][04:13:01.959Z] PlaybackController startPlaying calling play
tdvremote.js?v=1748641500788:1 [video 4][04:13:01.959Z] PlaybackController this._media.play()
tdvremote.js?v=1748641500788:1 🔧 [Search Pro] Debug v2.0 Loaded
debug-core-non-mod.js:129 🔍 SEARCH PRO DIAGNOSTIC REPORT
debug-core-non-mod.js:345 🔍 Search Pro Debug Summary
debug-core-non-mod.js:348 📊 CORE STATUS
debug-core-non-mod.js:363 ⚙️ CONFIGURATION
debug-core-non-mod.js:390 📂 DATA SOURCES
debug-core-non-mod.js:458 🔍 SEARCH INDEX
debug-core-non-mod.js:489 🖥️ DOM & UI
debug-core-non-mod.js:509 💾 STORAGE
debug-core-non-mod.js:518 📋 FULL REPORT
tdvremote.js?v=1748641500788:1 💢 Search panel observer active
tdvremote.js?v=1748641500788:1  Search Pro Debug Tools  Ready - Type searchProDebug.runDiagnostics() to analyze 
tdvremote.js?v=1748641500788:1 🔍 Starting search container visibility monitor
tdvremote.js?v=1748641500788:1 🔄 Search container visibility monitor active - Access with window.searchContainerDiagnostics
tdvremote.js?v=1748641500788:1 ✅ Search Pro Debug loaded successfully
tdvremote.js?v=1748641500788:1 Search Pro Debug Tools loaded successfully
tdvremote.js?v=1748641500788:1 [video 4][04:13:01.967Z] AudioController updateVolume paused: false outputVolume: 0
tdvremote.js?v=1748641500788:1 [video 4][04:13:01.967Z] PlaybackController onPlay event received when waiting to play
tdvremote.js?v=1748641500788:1 [video 4][04:13:01.967Z] PlaybackController onPause event received without calling to pause
tdvremote.js?v=1748641500788:1 [video 4][04:13:02.026Z] PlaybackController on loaded metadata
tdvremote.js?v=1748641500788:1 [video 4][04:13:02.030Z] PlaybackController on can play
tdvremote.js?v=1748641500788:1 [video 4][04:13:02.030Z] AudioController updateVolume paused: false outputVolume: 0
tdvremote.js?v=1748641500788:1 [video 4][04:13:02.030Z] PlaybackController onPlaying event received. Visible: true
tdvremote.js?v=1748641500788:1 [video 4][04:13:02.030Z] PlaybackController can play through
tdvremote.js?v=1748641500788:1 [video 4][04:13:02.030Z] TimeController on can play through
tdvremote.js?v=1748641500788:1 [video 4][04:13:02.030Z] TimeController updateCurrentTime when can play through set time to: 0
tdvremote.js?v=1748641500788:1 [video 4][04:13:02.030Z] PlaybackController onPause event received without calling to pause
tdvremote.js?v=1748641500788:1 [video 4][04:13:02.047Z] PlaybackController on can play
tdvremote.js?v=1748641500788:1 [video 4][04:13:02.047Z] AudioController updateVolume paused: false outputVolume: 0
tdvremote.js?v=1748641500788:1 [video 4][04:13:02.047Z] PlaybackController onPlaying event received. Visible: true
tdvremote.js?v=1748641500788:1 [video 4][04:13:02.047Z] PlaybackController can play through
tdvremote.js?v=1748641500788:1 [video 4][04:13:02.047Z] TimeController on can play through
tdvremote.js?v=1748641500788:1 fetch response {response: {…}, request: {…}}
tdvremote.js?v=1748641500788:1 change channelState offline
tdvremote.js?v=1748641500788:1 change channelSilent true
business.google.com/:1 
            
            
           Failed to load resource: the server responded with a status of 403 ()
tdvremote.js?v=1748641500788:1 {inView: true, propagateClick: false, ariaRole: 'button', autoRolledOver: true, autoPressed: true, …}
tdvremote.js?v=1748641500788:1 [video 0][04:13:03.078Z] HTMLMediaPlayer activate received when state: inactive and has media: false
tdvremote.js?v=1748641500788:1 [video 0][04:13:03.079Z] SrcSetter set:  subtitles:  startTime: 0
tdvremote.js?v=1748641500788:1 [video 0][04:13:03.079Z] SrcSetter src ready
tdvremote.js?v=1748641500788:1 [video 0][04:13:03.079Z] HTMLMediaPlayer on src ready activating
tdvremote.js?v=1748641500788:1 [video 0][04:13:03.079Z] PlaybackController play
tdvremote.js?v=1748641500788:1 [video 0][04:13:03.079Z] PlaybackController startPlaying calling play
tdvremote.js?v=1748641500788:1 [video 0][04:13:03.079Z] PlaybackController this._media.play()
tdvremote.js?v=1748641500788:1 [video 1][04:13:03.079Z] HTMLMediaPlayer activate received when state: inactive and has media: false
tdvremote.js?v=1748641500788:1 [video 1][04:13:03.079Z] SrcSetter set:  subtitles:  startTime: 0
tdvremote.js?v=1748641500788:1 [video 1][04:13:03.079Z] SrcSetter src ready
tdvremote.js?v=1748641500788:1 [video 1][04:13:03.079Z] HTMLMediaPlayer on src ready activating
 [video 1][04:13:03.079Z] PlaybackController play
 [video 1][04:13:03.079Z] PlaybackController startPlaying calling play
 [video 1][04:13:03.079Z] PlaybackController this._media.play()
 [video 2][04:13:03.079Z] HTMLMediaPlayer activate received when state: inactive and has media: false
 [video 2][04:13:03.079Z] SrcSetter set:  subtitles:  startTime: 0
 [video 2][04:13:03.079Z] SrcSetter src ready
 [video 2][04:13:03.080Z] HTMLMediaPlayer on src ready activating
 [video 2][04:13:03.080Z] PlaybackController play
 [video 2][04:13:03.080Z] PlaybackController startPlaying calling play
tdvremote.js?v=1748641500788:1 [video 2][04:13:03.080Z] PlaybackController this._media.play()
tdvremote.js?v=1748641500788:1 [video 3][04:13:03.080Z] HTMLMediaPlayer activate received when state: inactive and has media: false
tdvremote.js?v=1748641500788:1 [video 3][04:13:03.080Z] SrcSetter set:  subtitles:  startTime: 0
tdvremote.js?v=1748641500788:1 [video 3][04:13:03.080Z] SrcSetter src ready
tdvremote.js?v=1748641500788:1 [video 3][04:13:03.080Z] HTMLMediaPlayer on src ready activating
tdvremote.js?v=1748641500788:1 [video 3][04:13:03.080Z] PlaybackController play
tdvremote.js?v=1748641500788:1 [video 3][04:13:03.080Z] PlaybackController startPlaying calling play
tdvremote.js?v=1748641500788:1 [video 3][04:13:03.080Z] PlaybackController this._media.play()
tdvremote.js?v=1748641500788:1 [BUSINESS DATA] Attempting to load from: http://127.0.0.1:5500/search-pro-non-mod/business-data/business.json
tdvremote.js?v=1748641500788:1 [toggleSearch] Called with show = true
tdvremote.js?v=1748641500788:1 [toggleSearch] searchContainer display: none
tdvremote.js?v=1748641500788:1 [toggleSearch] resultsContainer display: flex
tdvremote.js?v=1748641500788:1 [toggleSearch] resultsSection display: block
tdvremote.js?v=1748641500788:1 [toggleSearch] resultsSection innerHTML: 
                
tdvremote.js?v=1748641500788:1 [toggleSearch] noResults display: flex
tdvremote.js?v=1748641500788:1 [toggleSearch] Showing search UI
tdvremote.js?v=1748641500788:1 [toggleSearch] After display block, resultsSection innerHTML: 
                
tdvremote.js?v=1748641500788:1 [toggleSearch] After display block, resultsSection display: block
debug-core-non-mod.js:1399 🔄 Search Toggle #1: SHOW
debug-core-non-mod.js:1399 🔄 Search Toggle #2: SHOW
tdvremote.js?v=1748641500788:1 [toggleSearch] Ignoring rapid toggle call, debouncing
tdvremote.js?v=1748641500788:1 [toggleSearch] After .visible add, resultsSection innerHTML: 
                
tdvremote.js?v=1748641500788:1 [toggleSearch] After .visible add, resultsSection display: block
tdvremote.js?v=1748641500788:1 [toggleSearch] Focused search input
debug-core-non-mod.js:1399 🔄 Search Toggle #3: SHOW
tdvremote.js?v=1748641500788:1 [video 0][04:13:03.099Z] AudioController updateVolume paused: false outputVolume: 1
tdvremote.js?v=1748641500788:1 [video 0][04:13:03.100Z] PlaybackController onPlay event received when waiting to play
tdvremote.js?v=1748641500788:1 [video 0][04:13:03.100Z] HTMLMediaPlayer on play activating
tdvremote.js?v=1748641500788:1 [video 0][04:13:03.100Z] PlaybackController stop
tdvremote.js?v=1748641500788:1 [video 0][04:13:03.100Z] PlaybackController startPausing calling pause
tdvremote.js?v=1748641500788:1 [video 0][04:13:03.100Z] HTMLMediaPlayer media can play. Has pending properties: false
tdvremote.js?v=1748641500788:1 [video 0][04:13:03.100Z] PlaybackController onPause event received when waiting to stop
tdvremote.js?v=1748641500788:1 [video 1][04:13:03.101Z] AudioController updateVolume paused: false outputVolume: 1
tdvremote.js?v=1748641500788:1 [video 1][04:13:03.101Z] PlaybackController onPlay event received when waiting to play
tdvremote.js?v=1748641500788:1 [video 1][04:13:03.101Z] HTMLMediaPlayer on play activating
tdvremote.js?v=1748641500788:1 [video 1][04:13:03.101Z] PlaybackController stop
tdvremote.js?v=1748641500788:1 [video 1][04:13:03.101Z] PlaybackController startPausing calling pause
tdvremote.js?v=1748641500788:1 [video 1][04:13:03.101Z] HTMLMediaPlayer media can play. Has pending properties: false
tdvremote.js?v=1748641500788:1 [video 1][04:13:03.101Z] PlaybackController onPause event received when waiting to stop
tdvremote.js?v=1748641500788:1 [video 2][04:13:03.102Z] AudioController updateVolume paused: false outputVolume: 1
tdvremote.js?v=1748641500788:1 [video 2][04:13:03.102Z] PlaybackController onPlay event received when waiting to play
tdvremote.js?v=1748641500788:1 [video 2][04:13:03.102Z] HTMLMediaPlayer on play activating
tdvremote.js?v=1748641500788:1 [video 2][04:13:03.102Z] PlaybackController stop
tdvremote.js?v=1748641500788:1 [video 2][04:13:03.102Z] PlaybackController startPausing calling pause
tdvremote.js?v=1748641500788:1 [video 2][04:13:03.102Z] HTMLMediaPlayer media can play. Has pending properties: false
tdvremote.js?v=1748641500788:1 [video 2][04:13:03.102Z] PlaybackController onPause event received when waiting to stop
tdvremote.js?v=1748641500788:1 [video 3][04:13:03.106Z] AudioController updateVolume paused: false outputVolume: 1
tdvremote.js?v=1748641500788:1 [video 3][04:13:03.106Z] PlaybackController onPlay event received when waiting to play
tdvremote.js?v=1748641500788:1 [video 3][04:13:03.106Z] HTMLMediaPlayer on play activating
tdvremote.js?v=1748641500788:1 [video 3][04:13:03.106Z] PlaybackController stop
tdvremote.js?v=1748641500788:1 [video 3][04:13:03.106Z] PlaybackController startPausing calling pause
tdvremote.js?v=1748641500788:1 [video 3][04:13:03.107Z] HTMLMediaPlayer media can play. Has pending properties: false
tdvremote.js?v=1748641500788:1 [video 3][04:13:03.107Z] PlaybackController onPause event received when waiting to stop
tdvremote.js?v=1748641500788:1 [video 0][04:13:03.107Z] PlaybackController onPause event received without calling to pause
tdvremote.js?v=1748641500788:1 [video 1][04:13:03.108Z] PlaybackController onPause event received without calling to pause
tdvremote.js?v=1748641500788:1 [video 2][04:13:03.108Z] PlaybackController onPause event received without calling to pause
tdvremote.js?v=1748641500788:1 [video 3][04:13:03.108Z] PlaybackController onPause event received without calling to pause
tdvremote.js?v=1748641500788:1 [video 1][04:13:03.109Z] PlaybackController on loaded metadata
tdvremote.js?v=1748641500788:1 [video 0][04:13:03.109Z] PlaybackController on loaded metadata
tdvremote.js?v=1748641500788:1 [video 2][04:13:03.109Z] PlaybackController on loaded metadata
tdvremote.js?v=1748641500788:1 [video 3][04:13:03.109Z] PlaybackController on loaded metadata
tdvremote.js?v=1748641500788:1 === BUSINESS DATA LOADED ===
tdvremote.js?v=1748641500788:1 Successfully loaded 17 business data entries
tdvremote.js?v=1748641500788:1 Entry 1: {id: 'Room-1', name: 'Main Room 1', elementType: 'Panorama'}
tdvremote.js?v=1748641500788:1 Entry 2: {id: 'MyCoolTag_01', name: 'Tagged Cool Tag', elementType: 'Panorama'}
tdvremote.js?v=1748641500788:1 Entry 3: {id: 'Room-3', name: 'Conference Area 3', elementType: 'Panorama'}
tdvremote.js?v=1748641500788:1 [MATCHING] Processing: Room-1 ()
tdvremote.js?v=1748641500788:1 [MATCH:NAME] Direct match on name: Room-1 = Room-1
tdvremote.js?v=1748641500788:1 [MATCHING] Processing: panorama_FD134B42_CA7D_AC2A_41E0_59846BC1318E (MyCoolTag_01)
tdvremote.js?v=1748641500788:1 [MATCH:TAG] Tag matches business id: MyCoolTag_01 = MyCoolTag_01
tdvremote.js?v=1748641500788:1 [MATCHING] Processing: Room-3 (MyCoolTour_3_and_4)
tdvremote.js?v=1748641500788:1 [MATCH:NAME] Direct match on name: Room-3 = Room-3
tdvremote.js?v=1748641500788:1 [MATCHING] Processing: panorama_F151638B_CA7D_BC3A_4175_209ED67A3320 (MyCoolTour_3_and_4,MyCoolTag_04)
tdvremote.js?v=1748641500788:1 [MATCH:NONE] No business match for: panorama_F151638B_CA7D_BC3A_4175_209ED67A3320
tdvremote.js?v=1748641500788:1 [MATCHING] Processing: Model-01 ()
tdvremote.js?v=1748641500788:1 [MATCH:NAME] Direct match on name: Model-01 = Model-01
tdvremote.js?v=1748641500788:1 [MATCHING] Processing: Technimark-360-video-sample ()
tdvremote.js?v=1748641500788:1 [MATCH:NAME] Direct match on name: Technimark-360-video-sample = Technimark-360-video-sample
tdvremote.js?v=1748641500788:1 [MATCHING] Processing: panorama_F289242C_D090_0A56_41E5_7B2C79291A3C ()
tdvremote.js?v=1748641500788:1 [MATCH:NONE] No business match for: panorama_F289242C_D090_0A56_41E5_7B2C79291A3C
tdvremote.js?v=1748641500788:1 [video 1][04:13:03.112Z] PlaybackController on can play
tdvremote.js?v=1748641500788:1 [video 1][04:13:03.112Z] PlaybackController can play through
tdvremote.js?v=1748641500788:1 [video 1][04:13:03.112Z] TimeController on can play through
tdvremote.js?v=1748641500788:1 [video 0][04:13:03.115Z] PlaybackController on can play
tdvremote.js?v=1748641500788:1 [video 0][04:13:03.115Z] PlaybackController can play through
tdvremote.js?v=1748641500788:1 [video 0][04:13:03.115Z] TimeController on can play through
tdvremote.js?v=1748641500788:1 [video 2][04:13:03.117Z] PlaybackController on can play
tdvremote.js?v=1748641500788:1 [video 2][04:13:03.117Z] PlaybackController can play through
tdvremote.js?v=1748641500788:1 [video 2][04:13:03.117Z] TimeController on can play through
tdvremote.js?v=1748641500788:1 [video 3][04:13:03.119Z] PlaybackController on can play
tdvremote.js?v=1748641500788:1 [video 3][04:13:03.119Z] PlaybackController can play through
tdvremote.js?v=1748641500788:1 [video 3][04:13:03.119Z] TimeController on can play through
debug-core-non-mod.js:129 🔍 SEARCH PRO DIAGNOSTIC REPORT
debug-core-non-mod.js:345 🔍 Search Pro Debug Summary
debug-core-non-mod.js:348 📊 CORE STATUS
debug-core-non-mod.js:363 ⚙️ CONFIGURATION
debug-core-non-mod.js:390 📂 DATA SOURCES
debug-core-non-mod.js:458 🔍 SEARCH INDEX
debug-core-non-mod.js:489 🖥️ DOM & UI
debug-core-non-mod.js:509 💾 STORAGE
debug-core-non-mod.js:518 📋 FULL REPORT
tdvremote.js?v=1748641500788:1 💢 Search panel observer active
debug-core-non-mod.js:1399 🔄 Search Toggle #4: SHOW
index.htm:1 The resource http://127.0.0.1:5500/script_general.js?v=1748641500788 was preloaded using link preload but not used within a few seconds from the window's load event. Please make sure it has an appropriate `as` value and it is preloaded intentionally.
index.htm:1 The resource http://127.0.0.1:5500/script_general.js?v=1748641500788 was preloaded using link preload but not used within a few seconds from the window's load event. Please make sure it has an appropriate `as` value and it is preloaded intentionally.
tdvremote.js?v=1748641500788:1 [SearchPro-WARN] Tour not ready after waiting for 15000 ms.
tdvremote.js?v=1748641500788:1 [video 4][04:13:17.090Z] PlaybackController onPause event received without calling to pause
tdvremote.js?v=1748641500788:1 [video 4][04:13:17.091Z] PlaybackController onEnded
tdvremote.js?v=1748641500788:1 [video 4][04:13:17.091Z] PlaybackController onEnded finalizing video
tdvremote.js?v=1748641500788:1 [video 4][04:13:17.091Z] PlaybackController startPausing already paused
tdvremote.js?v=1748641500788:1 [video 4][04:13:17.091Z] PlaybackController onPause event received when waiting to stop
tdvremote.js?v=1748641500788:1 [video 0][04:13:17.091Z] HTMLMediaPlayer stop
tdvremote.js?v=1748641500788:1 [video 0][04:13:17.091Z] PlaybackController stop
tdvremote.js?v=1748641500788:1 [video 0][04:13:17.091Z] PlaybackController startPausing already paused
tdvremote.js?v=1748641500788:1 [video 0][04:13:17.091Z] PlaybackController onPause event received when waiting to stop
tdvremote.js?v=1748641500788:1 [video 1][04:13:17.091Z] HTMLMediaPlayer stop
tdvremote.js?v=1748641500788:1 [video 1][04:13:17.091Z] PlaybackController stop
tdvremote.js?v=1748641500788:1 [video 1][04:13:17.091Z] PlaybackController startPausing already paused
tdvremote.js?v=1748641500788:1 [video 1][04:13:17.091Z] PlaybackController onPause event received when waiting to stop
tdvremote.js?v=1748641500788:1 [video 2][04:13:17.091Z] HTMLMediaPlayer stop
tdvremote.js?v=1748641500788:1 [video 2][04:13:17.091Z] PlaybackController stop
tdvremote.js?v=1748641500788:1 [video 2][04:13:17.091Z] PlaybackController startPausing already paused
tdvremote.js?v=1748641500788:1 [video 2][04:13:17.092Z] PlaybackController onPause event received when waiting to stop
tdvremote.js?v=1748641500788:1 [video 3][04:13:17.092Z] HTMLMediaPlayer stop
tdvremote.js?v=1748641500788:1 [video 3][04:13:17.092Z] PlaybackController stop
tdvremote.js?v=1748641500788:1 [video 3][04:13:17.092Z] PlaybackController startPausing already paused
tdvremote.js?v=1748641500788:1 [video 3][04:13:17.092Z] PlaybackController onPause event received when waiting to stop
tdvremote.js?v=1748641500788:1 [video 4][04:13:17.092Z] HTMLMediaPlayer stop
tdvremote.js?v=1748641500788:1 [video 4][04:13:17.092Z] PlaybackController stop
tdvremote.js?v=1748641500788:1 [video 4][04:13:17.092Z] PlaybackController startPausing already paused
tdvremote.js?v=1748641500788:1 [video 4][04:13:17.092Z] PlaybackController onPause event received when waiting to stop
tdvremote.js?v=1748641500788:1 [video 5][04:13:17.092Z] HTMLMediaPlayer stop
tdvremote.js?v=1748641500788:1 [video 5][04:13:17.092Z] PlaybackController stop
tdvremote.js?v=1748641500788:1 [video 5][04:13:17.092Z] PlaybackController startPausing already paused
tdvremote.js?v=1748641500788:1 [video 5][04:13:17.092Z] PlaybackController onPause event received when waiting to stop
tdvremote.js?v=1748641500788:1 [video 6][04:13:17.092Z] HTMLMediaPlayer stop
tdvremote.js?v=1748641500788:1 [video 6][04:13:17.092Z] PlaybackController stop
tdvremote.js?v=1748641500788:1 [video 6][04:13:17.092Z] PlaybackController startPausing already paused
tdvremote.js?v=1748641500788:1 [video 6][04:13:17.092Z] PlaybackController onPause event received when waiting to stop
tdvremote.js?v=1748641500788:1 [video 7][04:13:17.092Z] HTMLMediaPlayer stop
tdvremote.js?v=1748641500788:1 [video 7][04:13:17.092Z] PlaybackController stop
tdvremote.js?v=1748641500788:1 [video 7][04:13:17.093Z] PlaybackController startPausing already paused
tdvremote.js?v=1748641500788:1 [video 7][04:13:17.093Z] PlaybackController onPause event received when waiting to stop
tdvremote.js?v=1748641500788:1 [video 8][04:13:17.093Z] HTMLMediaPlayer stop
tdvremote.js?v=1748641500788:1 [video 8][04:13:17.093Z] PlaybackController stop
tdvremote.js?v=1748641500788:1 [video 8][04:13:17.093Z] PlaybackController startPausing already paused
tdvremote.js?v=1748641500788:1 [video 8][04:13:17.093Z] PlaybackController onPause event received when waiting to stop
tdvremote.js?v=1748641500788:1 [video 9][04:13:17.093Z] HTMLMediaPlayer stop
tdvremote.js?v=1748641500788:1 [video 9][04:13:17.093Z] PlaybackController stop
tdvremote.js?v=1748641500788:1 [video 9][04:13:17.093Z] PlaybackController startPausing already paused
tdvremote.js?v=1748641500788:1 [video 9][04:13:17.093Z] PlaybackController onPause event received when waiting to stop
tdvremote.js?v=1748641500788:1 [video 4][04:13:17.093Z] PlaybackController onEnded
tdvplayer.js?v=1748641500788:2318 Canvas2D: Multiple readback operations using getImageData are faster with the willReadFrequently attribute set to true. See: https://html.spec.whatwg.org/multipage/canvas.html#concept-canvas-will-read-frequently
m @ tdvplayer.js?v=1748641500788:2318
e.info @ tdvplayer.js?v=1748641500788:2320
e.info @ tdvplayer.js?v=1748641500788:2319
paa @ tdvplayer.js?v=1748641500788:3116
(anonymous) @ tdvplayer.js?v=1748641500788:3121
(anonymous) @ tdvplayer.js?v=1748641500788:3121
aaa @ tdvplayer.js?v=1748641500788:3121
Pm @ tdvplayer.js?v=1748641500788:3119
(anonymous) @ tdvplayer.js?v=1748641500788:3430
(anonymous) @ tdvplayer.js?v=1748641500788:3430
(anonymous) @ tdvplayer.js?v=1748641500788:3430
(anonymous) @ tdvplayer.js?v=1748641500788:3430
(anonymous) @ tdvplayer.js?v=1748641500788:3428
(anonymous) @ tdvplayer.js?v=1748641500788:516
(anonymous) @ tdvplayer.js?v=1748641500788:515
(anonymous) @ tdvplayer.js?v=1748641500788:627
(anonymous) @ tdvplayer.js?v=1748641500788:627
(anonymous) @ tdvplayer.js?v=1748641500788:635
(anonymous) @ tdvplayer.js?v=1748641500788:634
(anonymous) @ tdvplayer.js?v=1748641500788:643
dispatch @ tdvplayer.js?v=1748641500788:115
(anonymous) @ tdvplayer.js?v=1748641500788:111
tdvremote.js?v=1748641500788:1 steps = [1.00, 0.90, 0.80, 0.70, 0.60, 0.50]
tdvplayer.js?v=1748641500788:689 [Violation] 'requestAnimationFrame' handler took 50ms
tdvplayer.js?v=1748641500788:689 [Violation] 'requestAnimationFrame' handler took 98ms
tdvremote.js?v=1748641500788:1 [toggleSearch] Ignoring duplicate state request: true
index.htm:1 The resource http://127.0.0.1:5500/script_general.js?v=1748641500788 was preloaded using link preload but not used within a few seconds from the window's load event. Please make sure it has an appropriate `as` value and it is preloaded intentionally.
searchProDebug.debugBusinessMatching()
debug-core-non-mod.js:920 🔍 Business Data Matching Diagnostics
tdvremote.js?v=1748641500788:1 ⚠️ No business data available
debug-core-non-mod.js:940 🖼️ Tour Panoramas
tdvremote.js?v=1748641500788:1 1. Unnamed (ID: panorama_F289242C_D090_0A56_41E5_7B2C79291A3C, Tags: 
tdvremote.js?v=1748641500788:1 2. Room-1 (ID: panorama_1F4F3504_1693_C368_4155_CD0C98E5CBB4, Tags: 
tdvremote.js?v=1748641500788:1 3. Unnamed (ID: panorama_F151638B_CA7D_BC3A_4175_209ED67A3320, Tags: MyCoolTour_3_and_4,MyCoolTag_04
tdvremote.js?v=1748641500788:1 4. Technimark-360-video-sample (ID: media_9EAA4B28_D090_1E5E_41D1_B73F7FE1363B, Tags: 
tdvremote.js?v=1748641500788:1 5. Unnamed (ID: panorama_FD134B42_CA7D_AC2A_41E0_59846BC1318E, Tags: MyCoolTag_01
tdvremote.js?v=1748641500788:1 6. Room-3 (ID: panorama_F15D7F82_CA7D_A42A_41C6_927DF9112683, Tags: MyCoolTour_3_and_4
undefined
