tdvplayer.js?v=1747847889850:1073 [video 0][08:45:48.035Z] AudioController updateVolume paused: true outputVolume: 1
tdvplayer.js?v=1747847889850:1073 [video 1][08:45:48.035Z] AudioController updateVolume paused: true outputVolume: 1
tdvplayer.js?v=1747847889850:1073 [video 2][08:45:48.035Z] AudioController updateVolume paused: true outputVolume: 1
tdvplayer.js?v=1747847889850:1073 [video 3][08:45:48.035Z] AudioController updateVolume paused: true outputVolume: 1
tdvplayer.js?v=1747847889850:1073 [video 4][08:45:48.035Z] AudioController updateVolume paused: true outputVolume: 1
tdvplayer.js?v=1747847889850:1073 [video 5][08:45:48.035Z] AudioController updateVolume paused: true outputVolume: 1
tdvplayer.js?v=1747847889850:1073 [video 6][08:45:48.035Z] AudioController updateVolume paused: true outputVolume: 1
tdvplayer.js?v=1747847889850:1073 [video 7][08:45:48.035Z] AudioController updateVolume paused: true outputVolume: 1
tdvplayer.js?v=1747847889850:1073 [video 8][08:45:48.035Z] AudioController updateVolume paused: true outputVolume: 1
tdvplayer.js?v=1747847889850:1073 [video 9][08:45:48.035Z] AudioController updateVolume paused: true outputVolume: 1
tdvremote.js?v=1747847889850:1 Invalid or missing config property "radius". Using default value: 10
d.warn @ tdvremote.js?v=1747847889850:1
(anonymous) @ search-01.js:41
validateConfig @ search-01.js:33
(anonymous) @ search-01.js:128
tdvremote.js?v=1747847889850:1 Invalid or missing config property "color". Using default value: #000000
d.warn @ tdvremote.js?v=1747847889850:1
(anonymous) @ search-01.js:41
validateConfig @ search-01.js:33
(anonymous) @ search-01.js:128
tdvremote.js?v=1747847889850:1 Invalid or missing config property "useBusinessData". Using default value: undefined
d.warn @ tdvremote.js?v=1747847889850:1
(anonymous) @ search-01.js:41
validateConfig @ search-01.js:33
(anonymous) @ search-01.js:39
validateConfig @ search-01.js:33
(anonymous) @ search-01.js:128
tdvremote.js?v=1747847889850:1 Invalid or missing config property "useGoogleSheetData". Using default value: undefined
d.warn @ tdvremote.js?v=1747847889850:1
(anonymous) @ search-01.js:41
validateConfig @ search-01.js:33
(anonymous) @ search-01.js:39
validateConfig @ search-01.js:33
(anonymous) @ search-01.js:128
tdvremote.js?v=1747847889850:1 Invalid or missing config property "googleSheetUrl". Using default value: undefined
d.warn @ tdvremote.js?v=1747847889850:1
(anonymous) @ search-01.js:41
validateConfig @ search-01.js:33
(anonymous) @ search-01.js:39
validateConfig @ search-01.js:33
(anonymous) @ search-01.js:128
tdvremote.js?v=1747847889850:1 Invalid or missing config property "fetchMode". Using default value: undefined
d.warn @ tdvremote.js?v=1747847889850:1
(anonymous) @ search-01.js:41
validateConfig @ search-01.js:33
(anonymous) @ search-01.js:39
validateConfig @ search-01.js:33
(anonymous) @ search-01.js:128
tdvremote.js?v=1747847889850:1 Invalid or missing config property "minSearchChars". Using default value: 2
d.warn @ tdvremote.js?v=1747847889850:1
(anonymous) @ search-01.js:41
validateConfig @ search-01.js:33
(anonymous) @ search-01.js:128
tdvremote.js?v=1747847889850:1 Invalid or missing config property "showTagsInResults". Using default value: false
d.warn @ tdvremote.js?v=1747847889850:1
(anonymous) @ search-01.js:41
validateConfig @ search-01.js:33
(anonymous) @ search-01.js:128
tdvremote.js?v=1747847889850:1 No configuration found. Using default configuration.
d.warn @ tdvremote.js?v=1747847889850:1
(anonymous) @ search-01.js:1015
(anonymous) @ search-01.js:2225
search-01.js:2345 Uncaught TypeError: Logger.info is not a function
    at ensureSearchFunctionsLoaded (search-01.js:2345:12)
    at search-01.js:2356:1
ensureSearchFunctionsLoaded @ search-01.js:2345
(anonymous) @ search-01.js:2356
tdvremote.js?v=1747847889850:1 ✅ Loaded module: utils (1/6)
tdvremote.js?v=1747847889850:1 ✅ Loaded module: dom-handler (2/6)
tdvremote.js?v=1747847889850:1 ✅ Loaded module: data-manager (3/6)
tdvremote.js?v=1747847889850:1 ✅ Loaded module: search-engine (4/6)
tdvremote.js?v=1747847889850:1 ✅ Loaded module: ui-manager (5/6)
tdvremote.js?v=1747847889850:1 ✅ Loaded module: related-content (6/6)
tdvremote.js?v=1747847889850:1 ✅ All modules loaded and verified, initializing search...
tdvremote.js?v=1747847889850:1 PXL 360 Player v:2166
tdvplayer.js?v=1747847889850:159 Unrecognized feature: 'vr'.
attr @ tdvplayer.js?v=1747847889850:159
$ @ tdvplayer.js?v=1747847889850:94
attr @ tdvplayer.js?v=1747847889850:158
a.Hb @ tdvplayer.js?v=1747847889850:3957
e.y1a @ tdvplayer.js?v=1747847889850:3700
e.oa @ tdvplayer.js?v=1747847889850:3700
e.ZZ @ tdvplayer.js?v=1747847889850:3701
m @ tdvplayer.js?v=1747847889850:511
Promise.then
XB @ tdvplayer.js?v=1747847889850:511
e.sx @ tdvplayer.js?v=1747847889850:3701
e.zT @ tdvplayer.js?v=1747847889850:3699
q.zT @ tdvplayer.js?v=1747847889850:599
q.pba @ tdvplayer.js?v=1747847889850:598
q.Jt @ tdvplayer.js?v=1747847889850:582
q.Jt @ tdvplayer.js?v=1747847889850:675
(anonymous) @ tdvplayer.js?v=1747847889850:3703
(anonymous) @ tdvplayer.js?v=1747847889850:3717
(anonymous) @ tdvplayer.js?v=1747847889850:491
(anonymous) @ tdvplayer.js?v=1747847889850:487
e.Cm @ tdvplayer.js?v=1747847889850:487
l.OQa @ tdvplayer.js?v=1747847889850:4011
l.W8a @ tdvplayer.js?v=1747847889850:4008
(anonymous) @ tdvplayer.js?v=1747847889850:4019
(anonymous) @ tdvplayer.js?v=1747847889850:256
setTimeout
r.delay @ tdvplayer.js?v=1747847889850:256
c @ tdvplayer.js?v=1747847889850:241
P @ tdvplayer.js?v=1747847889850:255
e.DXa @ tdvplayer.js?v=1747847889850:4019
(anonymous) @ tdvplayer.js?v=1747847889850:4019
(anonymous) @ tdvplayer.js?v=1747847889850:3659
h.Gz @ tdvplayer.js?v=1747847889850:516
h.trigger @ tdvplayer.js?v=1747847889850:515
t.load @ tdvplayer.js?v=1747847889850:3660
r.k9a @ tdvplayer.js?v=1747847889850:3659
e @ tdvplayer.js?v=1747847889850:4019
l.defineScript @ tdvplayer.js?v=1747847889850:211
(anonymous) @ script_general.js:230
(anonymous) @ script_general.js:232
tdvplayer.js?v=1747847889850:159 Allow attribute will take precedence over 'allowfullscreen'.
attr @ tdvplayer.js?v=1747847889850:159
$ @ tdvplayer.js?v=1747847889850:94
attr @ tdvplayer.js?v=1747847889850:158
a.Hb @ tdvplayer.js?v=1747847889850:3957
e.y1a @ tdvplayer.js?v=1747847889850:3700
e.oa @ tdvplayer.js?v=1747847889850:3700
e.ZZ @ tdvplayer.js?v=1747847889850:3701
m @ tdvplayer.js?v=1747847889850:511
Promise.then
XB @ tdvplayer.js?v=1747847889850:511
e.sx @ tdvplayer.js?v=1747847889850:3701
e.zT @ tdvplayer.js?v=1747847889850:3699
q.zT @ tdvplayer.js?v=1747847889850:599
q.pba @ tdvplayer.js?v=1747847889850:598
q.Jt @ tdvplayer.js?v=1747847889850:582
q.Jt @ tdvplayer.js?v=1747847889850:675
(anonymous) @ tdvplayer.js?v=1747847889850:3703
(anonymous) @ tdvplayer.js?v=1747847889850:3717
(anonymous) @ tdvplayer.js?v=1747847889850:491
(anonymous) @ tdvplayer.js?v=1747847889850:487
e.Cm @ tdvplayer.js?v=1747847889850:487
l.OQa @ tdvplayer.js?v=1747847889850:4011
l.W8a @ tdvplayer.js?v=1747847889850:4008
(anonymous) @ tdvplayer.js?v=1747847889850:4019
(anonymous) @ tdvplayer.js?v=1747847889850:256
setTimeout
r.delay @ tdvplayer.js?v=1747847889850:256
c @ tdvplayer.js?v=1747847889850:241
P @ tdvplayer.js?v=1747847889850:255
e.DXa @ tdvplayer.js?v=1747847889850:4019
(anonymous) @ tdvplayer.js?v=1747847889850:4019
(anonymous) @ tdvplayer.js?v=1747847889850:3659
h.Gz @ tdvplayer.js?v=1747847889850:516
h.trigger @ tdvplayer.js?v=1747847889850:515
t.load @ tdvplayer.js?v=1747847889850:3660
r.k9a @ tdvplayer.js?v=1747847889850:3659
e @ tdvplayer.js?v=1747847889850:4019
l.defineScript @ tdvplayer.js?v=1747847889850:211
(anonymous) @ script_general.js:230
(anonymous) @ script_general.js:232
tdvremote.js?v=1747847889850:1 [video 4][08:45:48.168Z] AudioController set muted: true
tdvremote.js?v=1747847889850:1 [video 4][08:45:48.168Z] AudioController updateVolume paused: true outputVolume: 0
tdvremote.js?v=1747847889850:1 [video 4][08:45:48.168Z] HTMLMediaPlayer play src: undefined subtitlesSrc: undefined hasAudio: true gain: 1
tdvremote.js?v=1747847889850:1 [video 4][08:45:48.168Z] HTMLMediaPlayer assert can play
tdvremote.js?v=1747847889850:1 [video 4][08:45:48.168Z] HTMLMediaPlayer can play activationState: inactive pending media has audio: true muted: true
tdvremote.js?v=1747847889850:1 [video 4][08:45:48.168Z] HTMLMediaPlayer media can play. Has pending properties: true
tdvremote.js?v=1747847889850:1 [video 4][08:45:48.168Z] SrcSetter set: undefined subtitles: undefined startTime: 0
tdvremote.js?v=1747847889850:1 [video 4][08:45:48.169Z] SrcSetter src ready
tdvremote.js?v=1747847889850:1 [video 4][08:45:48.169Z] HTMLMediaPlayer on pending src ready
tdvremote.js?v=1747847889850:1 [video 4][08:45:48.169Z] TimeController setTime: 0
tdvremote.js?v=1747847889850:1 [video 4][08:45:48.169Z] PlaybackController play
tdvremote.js?v=1747847889850:1 [video 4][08:45:48.169Z] PlaybackController startPlaying calling play
tdvremote.js?v=1747847889850:1 [video 4][08:45:48.169Z] PlaybackController this._media.play()
tdvremote.js?v=1747847889850:1 [video 0][08:45:48.169Z] HTMLMediaPlayer stop
tdvremote.js?v=1747847889850:1 [video 0][08:45:48.169Z] PlaybackController stop
tdvremote.js?v=1747847889850:1 [video 0][08:45:48.169Z] PlaybackController startPausing already paused
tdvremote.js?v=1747847889850:1 [video 0][08:45:48.169Z] PlaybackController onPause event received when waiting to stop
tdvremote.js?v=1747847889850:1 [video 1][08:45:48.169Z] HTMLMediaPlayer stop
tdvremote.js?v=1747847889850:1 [video 1][08:45:48.169Z] PlaybackController stop
tdvremote.js?v=1747847889850:1 [video 1][08:45:48.169Z] PlaybackController startPausing already paused
tdvremote.js?v=1747847889850:1 [video 1][08:45:48.169Z] PlaybackController onPause event received when waiting to stop
tdvremote.js?v=1747847889850:1 [video 2][08:45:48.170Z] HTMLMediaPlayer stop
tdvremote.js?v=1747847889850:1 [video 2][08:45:48.170Z] PlaybackController stop
tdvremote.js?v=1747847889850:1 [video 2][08:45:48.170Z] PlaybackController startPausing already paused
tdvremote.js?v=1747847889850:1 [video 2][08:45:48.170Z] PlaybackController onPause event received when waiting to stop
tdvremote.js?v=1747847889850:1 [video 3][08:45:48.170Z] HTMLMediaPlayer stop
tdvremote.js?v=1747847889850:1 [video 3][08:45:48.170Z] PlaybackController stop
tdvremote.js?v=1747847889850:1 [video 3][08:45:48.170Z] PlaybackController startPausing already paused
tdvremote.js?v=1747847889850:1 [video 3][08:45:48.170Z] PlaybackController onPause event received when waiting to stop
tdvremote.js?v=1747847889850:1 [video 5][08:45:48.170Z] HTMLMediaPlayer stop
tdvremote.js?v=1747847889850:1 [video 5][08:45:48.170Z] PlaybackController stop
tdvremote.js?v=1747847889850:1 [video 5][08:45:48.170Z] PlaybackController startPausing already paused
tdvremote.js?v=1747847889850:1 [video 5][08:45:48.170Z] PlaybackController onPause event received when waiting to stop
tdvremote.js?v=1747847889850:1 [video 6][08:45:48.170Z] HTMLMediaPlayer stop
tdvremote.js?v=1747847889850:1 [video 6][08:45:48.170Z] PlaybackController stop
tdvremote.js?v=1747847889850:1 [video 6][08:45:48.170Z] PlaybackController startPausing already paused
tdvremote.js?v=1747847889850:1 [video 6][08:45:48.170Z] PlaybackController onPause event received when waiting to stop
tdvremote.js?v=1747847889850:1 [video 7][08:45:48.170Z] HTMLMediaPlayer stop
tdvremote.js?v=1747847889850:1 [video 7][08:45:48.170Z] PlaybackController stop
tdvremote.js?v=1747847889850:1 [video 7][08:45:48.170Z] PlaybackController startPausing already paused
tdvremote.js?v=1747847889850:1 [video 7][08:45:48.170Z] PlaybackController onPause event received when waiting to stop
tdvremote.js?v=1747847889850:1 [video 8][08:45:48.170Z] HTMLMediaPlayer stop
tdvremote.js?v=1747847889850:1 [video 8][08:45:48.170Z] PlaybackController stop
tdvremote.js?v=1747847889850:1 [video 8][08:45:48.170Z] PlaybackController startPausing already paused
tdvremote.js?v=1747847889850:1 [video 8][08:45:48.170Z] PlaybackController onPause event received when waiting to stop
tdvremote.js?v=1747847889850:1 [video 9][08:45:48.170Z] HTMLMediaPlayer stop
tdvremote.js?v=1747847889850:1 [video 9][08:45:48.171Z] PlaybackController stop
tdvremote.js?v=1747847889850:1 [video 9][08:45:48.171Z] PlaybackController startPausing already paused
tdvremote.js?v=1747847889850:1 [video 9][08:45:48.171Z] PlaybackController onPause event received when waiting to stop
tdvremote.js?v=1747847889850:1 [video 4][08:45:48.188Z] AudioController updateVolume paused: false outputVolume: 0
tdvremote.js?v=1747847889850:1 [video 4][08:45:48.188Z] PlaybackController onPlay event received when waiting to play
tdvremote.js?v=1747847889850:1 [video 4][08:45:48.188Z] PlaybackController onPause event received without calling to pause
tdvremote.js?v=1747847889850:1 Local Fuse.js loaded successfully
tdvremote.js?v=1747847889850:1 Exception handling event enableCookies ga is not defined ReferenceError: ga is not defined
    at enableCookies (http://127.0.0.1:5500/script.js?v=1747847889850:117:4)
    at a.Gz (http://127.0.0.1:5500/lib/tdvplayer.js?v=1747847889850:235:425)
    at http://127.0.0.1:5500/lib/tdvplayer.js?v=1747847889850:235:321
 [video 4][08:45:48.260Z] HTMLMediaPlayer play src: http://127.0.0.1:5500/media/audio_ECE9AD5B_CA95_64DA_41C4_FAA0E90AE746_en.mp3?v=1747847889850 subtitlesSrc: undefined hasAudio: true gain: 1
 [video 4][08:45:48.260Z] HTMLMediaPlayer assert can play
 [video 4][08:45:48.260Z] HTMLMediaPlayer can play activationState: inactive pending media has audio: true muted: true
 [video 4][08:45:48.260Z] HTMLMediaPlayer media can play. Has pending properties: true
 [video 4][08:45:48.260Z] SrcSetter set: http://127.0.0.1:5500/media/audio_ECE9AD5B_CA95_64DA_41C4_FAA0E90AE746_en.mp3?v=1747847889850 subtitles: undefined startTime: 0
 [video 4][08:45:48.260Z] SrcSetter src ready
 [video 4][08:45:48.260Z] HTMLMediaPlayer on pending src ready
 [video 4][08:45:48.260Z] TimeController setTime: 0
 [video 4][08:45:48.260Z] PlaybackController play
 [video 4][08:45:48.260Z] PlaybackController startPlaying calling play
 [video 4][08:45:48.260Z] PlaybackController this._media.play()
 [video 4][08:45:48.264Z] AudioController updateVolume paused: false outputVolume: 0
 [video 4][08:45:48.264Z] PlaybackController onPlay event received when waiting to play
 [video 4][08:45:48.264Z] PlaybackController onPause event received without calling to pause
 🔧 [Search Pro] Debug v2.0 Loaded
 === ENHANCED TOUR INSPECTION ===
 
--- Listing All Playlists and Their Panoramas ---
 
Playlist 1:
 ID: playList_DAE56F03_F3D5_308B_41E2_A7E676EB8B12
 Name: N/A
   Item 1: {id: 'panorama_F151638B_CA7D_BC3A_4175_209ED67A3320', class: 'Panorama', label: undefined, subtitle: 'Facility-4', title: undefined, …}
 
Playlist 2:
 ID: playList_DAE59F27_F3D5_308B_41DB_2D5F6B95C22C
 Name: N/A
   Item 1: {id: 'video_E7DE24EC_D070_0BD6_41E6_DF11410992CB', class: 'Video', label: 'Placeholder-video', subtitle: undefined, title: undefined, …}
 
Playlist 3:
 ID: ThumbnailList_95B7ABC9_D070_1DDE_41D1_4609A5328E19_playlist
 Name: N/A
   Item 1: {id: 'panorama_1F4F3504_1693_C368_4155_CD0C98E5CBB4', class: 'Panorama', label: 'Room-1', subtitle: undefined, title: undefined, …}
   Item 2: {id: 'panorama_FD134B42_CA7D_AC2A_41E0_59846BC1318E', class: 'Panorama', label: undefined, subtitle: undefined, title: undefined, …}
   Item 3: {id: 'panorama_F15D7F82_CA7D_A42A_41C6_927DF9112683', class: 'Panorama', label: 'Room-3', subtitle: 'Facility-3', title: undefined, …}
   Item 4: {id: 'panorama_F151638B_CA7D_BC3A_4175_209ED67A3320', class: 'Panorama', label: undefined, subtitle: 'Facility-4', title: undefined, …}
   Item 5: {id: 'model_F0D1EB78_CA94_ACE6_41D0_A952164CC22E', class: 'Model3D', label: 'Model-01', subtitle: undefined, title: undefined, …}
   Item 6: {id: 'media_9EAA4B28_D090_1E5E_41D1_B73F7FE1363B', class: 'Video360', label: 'Technimark-360-video-sample', subtitle: undefined, title: undefined, …}
   Item 7: {id: 'panorama_F289242C_D090_0A56_41E5_7B2C79291A3C', class: 'Panorama', label: undefined, subtitle: undefined, title: undefined, …}
 
Playlist 4:
 ID: playList_DAE53F03_F3D5_308B_41E9_C95F6E41290E
 Name: N/A
   Item 1: {id: 'map_FAB39D0B_CAB7_A43A_41C1_9698BC3C84DA', class: 'Map', label: 'background-stars', subtitle: undefined, title: undefined, …}
 
Playlist 5:
 ID: playList_DAE55F03_F3D5_308B_41E6_C13A3516489A
 Name: N/A
   Item 1: {id: 'panorama_FD134B42_CA7D_AC2A_41E0_59846BC1318E', class: 'Panorama', label: undefined, subtitle: undefined, title: undefined, …}
 
Playlist 6:
 ID: mainPlayList
 Name: N/A
   Item 1: {id: 'panorama_1F4F3504_1693_C368_4155_CD0C98E5CBB4', class: 'Panorama', label: 'Room-1', subtitle: undefined, title: undefined, …}
   Item 2: {id: 'panorama_FD134B42_CA7D_AC2A_41E0_59846BC1318E', class: 'Panorama', label: undefined, subtitle: undefined, title: undefined, …}
   Item 3: {id: 'panorama_F15D7F82_CA7D_A42A_41C6_927DF9112683', class: 'Panorama', label: 'Room-3', subtitle: 'Facility-3', title: undefined, …}
   Item 4: {id: 'panorama_F151638B_CA7D_BC3A_4175_209ED67A3320', class: 'Panorama', label: undefined, subtitle: 'Facility-4', title: undefined, …}
   Item 5: {id: 'model_F0D1EB78_CA94_ACE6_41D0_A952164CC22E', class: 'Model3D', label: 'Model-01', subtitle: undefined, title: undefined, …}
   Item 6: {id: 'media_9EAA4B28_D090_1E5E_41D1_B73F7FE1363B', class: 'Video360', label: 'Technimark-360-video-sample', subtitle: undefined, title: undefined, …}
   Item 7: {id: 'panorama_F289242C_D090_0A56_41E5_7B2C79291A3C', class: 'Panorama', label: undefined, subtitle: undefined, title: undefined, …}
 
--- Listing All Containers ---
 Container: {id: 'rootPlayer', label: undefined, name: 'Player3604', visible: true, contentType: undefined, …}
 Container: {id: 'Container_7286C552_49A1_FBF6_41CD_687D6CFE20A8', label: undefined, name: 'RightContainer', visible: true, contentType: undefined, …}
 Container: {id: 'Container_7D9D2B9B_4960_8F76_41CC_E9326AFCE1DC', label: undefined, name: '-left', visible: true, contentType: undefined, …}
 Container: {id: 'Container_A4C97918_AAB5_864D_41E4_FB1DC7B228F2', label: undefined, name: 'Container-Share-button', visible: true, contentType: undefined, …}
 Container: {id: 'Container_7D9CAB9B_4960_8F76_41C6_A22F4DCDD04B', label: undefined, name: 'Container text', visible: true, contentType: undefined, …}
 Container: {id: 'Container_735EB935_49A0_8BB2_41A9_517B1FCB9607', label: undefined, name: 'Container X global', visible: true, contentType: undefined, …}
 Container: {id: 'Container_7D9CEB9B_4960_8F76_41B3_70DDAAA25EC0', label: undefined, name: 'Container space', visible: true, contentType: undefined, …}
 Container: {id: 'Container_7D9AEB9B_4960_8F76_41B6_16535557C99B', label: undefined, name: 'Container space', visible: true, contentType: undefined, …}
 Container: {id: 'TwinsViewer_7C2F8066_49A1_F9DE_41CA_F69D82FD7B22', label: undefined, name: 'TwinsViewer', visible: false, contentType: undefined, …}
 Container: {id: 'Container_7285C551_49A1_FBF2_41D1_4C7909E3B3E2', label: undefined, name: 'LeftContainer', visible: true, contentType: undefined, …}
 Container: {id: 'Container_7D996B9B_4960_8F76_41C4_CAC6435F5D47', label: undefined, name: 'Container X global', visible: true, contentType: undefined, …}
 Container: {id: 'Container_A915CF2B_A79A_107F_41E0_1A392EBCA2AE', label: undefined, name: '-Social-Media-Set', visible: false, contentType: undefined, …}
 Container: {id: 'Container_7D9BAB9B_4960_8F76_41CA_05E8938E064D', label: undefined, name: '- content', visible: true, contentType: undefined, …}
 Container: {id: 'Container_7D9C6B9B_4960_8F76_41CE_E4A32F62242E', label: undefined, name: '-right', visible: true, contentType: undefined, …}
 Container: {id: 'Container_7D9BEB9B_4960_8F76_419F_445A32ECC1A9', label: undefined, name: 'line', visible: true, contentType: undefined, …}
 Container: {id: 'Container_B65971E7_A7BA_13F7_41D1_C90F169E3A4F', label: undefined, name: 'Container-Honors', visible: true, contentType: undefined, …}
 Container: {id: 'Container_7BBB37E6_4961_86DE_41D1_87A12FCD980F', label: undefined, name: 'myCoolContainer', visible: false, contentType: undefined, …}
 Container: {id: 'Container_728B8556_49A1_FBFE_41AD_7E876AAC7559', label: undefined, name: 'Separator', visible: true, contentType: undefined, …}
 Container: {id: 'Container_7D99AB9C_4960_8F72_41C3_5E715A9631CB', label: undefined, name: '--INFO', visible: true, contentType: undefined, …}
 Container: {id: 'Container_AAD2309F_A78E_1057_41CB_69D08B5A3047', label: undefined, name: 'Container-Menu', visible: true, contentType: undefined, …}
 Container: {id: 'Container_7D9EAB9B_4960_8F76_4126_1188A18FEE74', label: undefined, name: 'Global', visible: true, contentType: undefined, …}
 Container: {id: 'window_9B8CD49F_D070_0A72_41C1_5F57372CD140', label: undefined, name: 'Window10644', visible: false, contentType: undefined, …}
 Container: {id: 'Container_728C4556_49A1_FBFE_41D0_7A9F3D94C31E', label: undefined, name: 'SeparatorVisible', visible: true, contentType: undefined, …}
 
--- Categorized Elements by Type ---
 Element Counts: {Panorama: 12, Hotspot: 13, Polygon: 10, Video: 3, Image: 0, …}
 
Panorama Elements (12):
   1. panorama_F151638B_CA7D_BC3A_4175_209ED67A3320 
   2. panorama_1F4F3504_1693_C368_4155_CD0C98E5CBB4 - Room-1
   3. panorama_FD134B42_CA7D_AC2A_41E0_59846BC1318E 
   4. panorama_F15D7F82_CA7D_A42A_41C6_927DF9112683 - Room-3
   5. panorama_F151638B_CA7D_BC3A_4175_209ED67A3320 
   6. panorama_F289242C_D090_0A56_41E5_7B2C79291A3C 
   7. panorama_FD134B42_CA7D_AC2A_41E0_59846BC1318E 
   8. panorama_1F4F3504_1693_C368_4155_CD0C98E5CBB4 - Room-1
   9. panorama_FD134B42_CA7D_AC2A_41E0_59846BC1318E 
   10. panorama_F15D7F82_CA7D_A42A_41C6_927DF9112683 - Room-3
   11. panorama_F151638B_CA7D_BC3A_4175_209ED67A3320 
   12. panorama_F289242C_D090_0A56_41E5_7B2C79291A3C 
 
Hotspot Elements (13):
   1. overlay_F1E4FAFF_CA7C_ADDA_41DD_D21758A4FDC1 
      Attributes: {id: 'overlay_F1E4FAFF_CA7C_ADDA_41DD_D21758A4FDC1', class: 'HotspotPanoramaOverlay', label: 'GoToRoom-2', hasPanoramaAction: true, hasOpenableMedia: undefined, …}
   2. overlay_F1E17B00_CA7C_AC26_41DE_5E163BA21E1C 
      Attributes: {id: 'overlay_F1E17B00_CA7C_AC26_41DE_5E163BA21E1C', class: 'HotspotPanoramaOverlay', label: 'GoToRoom-1', hasPanoramaAction: true, hasOpenableMedia: undefined, …}
   3. overlay_F1A702BD_CA7C_9C5E_41E6_E910ED2FC626 
      Attributes: {id: 'overlay_F1A702BD_CA7C_9C5E_41E6_E910ED2FC626', class: 'HotspotPanoramaOverlay', label: 'GoToRoom-4', hasPanoramaAction: true, hasOpenableMedia: undefined, …}
   4. overlay_F1BB4914_CA7D_AC2E_41A0_0CCBAEEEDF69 
      Attributes: {id: 'overlay_F1BB4914_CA7D_AC2E_41A0_0CCBAEEEDF69', class: 'HotspotPanoramaOverlay', label: 'GoToRoom-3', hasPanoramaAction: true, hasOpenableMedia: undefined, …}
   5. overlay_F1C73914_CA7D_AC2E_41BD_79C6C84901B8 
      Attributes: {id: 'overlay_F1C73914_CA7D_AC2E_41BD_79C6C84901B8', class: 'HotspotPanoramaOverlay', label: 'GoToRoom-2', hasPanoramaAction: true, hasOpenableMedia: undefined, …}
   6. overlay_F1E17B00_CA7C_AC26_41DE_5E163BA21E1C 
      Attributes: {id: 'overlay_F1E17B00_CA7C_AC26_41DE_5E163BA21E1C', class: 'HotspotPanoramaOverlay', label: 'GoToRoom-1', hasPanoramaAction: true, hasOpenableMedia: undefined, …}
   7. overlay_F1A702BD_CA7C_9C5E_41E6_E910ED2FC626 
      Attributes: {id: 'overlay_F1A702BD_CA7C_9C5E_41E6_E910ED2FC626', class: 'HotspotPanoramaOverlay', label: 'GoToRoom-4', hasPanoramaAction: true, hasOpenableMedia: undefined, …}
   8. overlay_F1BB4914_CA7D_AC2E_41A0_0CCBAEEEDF69 
      Attributes: {id: 'overlay_F1BB4914_CA7D_AC2E_41A0_0CCBAEEEDF69', class: 'HotspotPanoramaOverlay', label: 'GoToRoom-3', hasPanoramaAction: true, hasOpenableMedia: undefined, …}
   9. overlay_F1E4FAFF_CA7C_ADDA_41DD_D21758A4FDC1 
      Attributes: {id: 'overlay_F1E4FAFF_CA7C_ADDA_41DD_D21758A4FDC1', class: 'HotspotPanoramaOverlay', label: 'GoToRoom-2', hasPanoramaAction: true, hasOpenableMedia: undefined, …}
   10. overlay_F1E17B00_CA7C_AC26_41DE_5E163BA21E1C 
      Attributes: {id: 'overlay_F1E17B00_CA7C_AC26_41DE_5E163BA21E1C', class: 'HotspotPanoramaOverlay', label: 'GoToRoom-1', hasPanoramaAction: true, hasOpenableMedia: undefined, …}
   11. overlay_F1A702BD_CA7C_9C5E_41E6_E910ED2FC626 
      Attributes: {id: 'overlay_F1A702BD_CA7C_9C5E_41E6_E910ED2FC626', class: 'HotspotPanoramaOverlay', label: 'GoToRoom-4', hasPanoramaAction: true, hasOpenableMedia: undefined, …}
   12. overlay_F1BB4914_CA7D_AC2E_41A0_0CCBAEEEDF69 
      Attributes: {id: 'overlay_F1BB4914_CA7D_AC2E_41A0_0CCBAEEEDF69', class: 'HotspotPanoramaOverlay', label: 'GoToRoom-3', hasPanoramaAction: true, hasOpenableMedia: undefined, …}
   13. overlay_F1C73914_CA7D_AC2E_41BD_79C6C84901B8 
      Attributes: {id: 'overlay_F1C73914_CA7D_AC2E_41BD_79C6C84901B8', class: 'HotspotPanoramaOverlay', label: 'GoToRoom-2', hasPanoramaAction: true, hasOpenableMedia: undefined, …}
 
Polygon Elements (10):
   1. overlay_98F8EB39_D070_1EBE_41C7_6901A9686898 
      Attributes: {id: 'overlay_98F8EB39_D070_1EBE_41C7_6901A9686898', class: 'HotspotPanoramaOverlay', label: 'MyCoolPolygon02', hasPanoramaAction: true, hasOpenableMedia: undefined, …}
   2. overlay_E6C2DD2F_D070_3A52_41A0_83C286A7C5D1 
      Attributes: {id: 'overlay_E6C2DD2F_D070_3A52_41A0_83C286A7C5D1', class: 'HotspotPanoramaOverlay', label: 'MyCoolPolygon01', hasPanoramaAction: undefined, hasOpenableMedia: undefined, …}
   3. overlay_8161A12C_D070_0A56_41E6_9AF4A6262526 
      Attributes: {id: 'overlay_8161A12C_D070_0A56_41E6_9AF4A6262526', class: 'HotspotPanoramaOverlay', label: 'MyCoolPolygon03', hasPanoramaAction: undefined, hasOpenableMedia: undefined, …}
   4. overlay_98F8EB39_D070_1EBE_41C7_6901A9686898 
      Attributes: {id: 'overlay_98F8EB39_D070_1EBE_41C7_6901A9686898', class: 'HotspotPanoramaOverlay', label: 'MyCoolPolygon02', hasPanoramaAction: true, hasOpenableMedia: undefined, …}
   5. overlay_D003CFA4_F3DF_6F8D_41E2_E855493590B6 
      Attributes: {id: 'overlay_D003CFA4_F3DF_6F8D_41E2_E855493590B6', class: 'HotspotPanoramaOverlay', label: 'PolygonOn360Video', hasPanoramaAction: undefined, hasOpenableMedia: undefined, …}
   6. overlay_E6C2DD2F_D070_3A52_41A0_83C286A7C5D1 
      Attributes: {id: 'overlay_E6C2DD2F_D070_3A52_41A0_83C286A7C5D1', class: 'HotspotPanoramaOverlay', label: 'MyCoolPolygon01', hasPanoramaAction: undefined, hasOpenableMedia: undefined, …}
   7. overlay_E6C2DD2F_D070_3A52_41A0_83C286A7C5D1 
      Attributes: {id: 'overlay_E6C2DD2F_D070_3A52_41A0_83C286A7C5D1', class: 'HotspotPanoramaOverlay', label: 'MyCoolPolygon01', hasPanoramaAction: undefined, hasOpenableMedia: undefined, …}
   8. overlay_8161A12C_D070_0A56_41E6_9AF4A6262526 
      Attributes: {id: 'overlay_8161A12C_D070_0A56_41E6_9AF4A6262526', class: 'HotspotPanoramaOverlay', label: 'MyCoolPolygon03', hasPanoramaAction: undefined, hasOpenableMedia: undefined, …}
   9. overlay_98F8EB39_D070_1EBE_41C7_6901A9686898 
      Attributes: {id: 'overlay_98F8EB39_D070_1EBE_41C7_6901A9686898', class: 'HotspotPanoramaOverlay', label: 'MyCoolPolygon02', hasPanoramaAction: true, hasOpenableMedia: undefined, …}
   10. overlay_D003CFA4_F3DF_6F8D_41E2_E855493590B6 
tdvremote.js?v=1747847889850:1      Attributes: {id: 'overlay_D003CFA4_F3DF_6F8D_41E2_E855493590B6', class: 'HotspotPanoramaOverlay', label: 'PolygonOn360Video', hasPanoramaAction: undefined, hasOpenableMedia: undefined, …}
tdvremote.js?v=1747847889850:1 
Video Elements (3):
tdvremote.js?v=1747847889850:1   1. overlay_EC367CFE_D070_FBB2_41E8_B9623EAFF82E 
tdvremote.js?v=1747847889850:1      Attributes: {id: 'overlay_EC367CFE_D070_FBB2_41E8_B9623EAFF82E', class: 'QuadVideoPanoramaOverlay', label: 'MyCoolPlaceholderVideo', videoUrl: undefined, videoAutoplay: undefined}
tdvremote.js?v=1747847889850:1   2. overlay_EC367CFE_D070_FBB2_41E8_B9623EAFF82E 
tdvremote.js?v=1747847889850:1      Attributes: {id: 'overlay_EC367CFE_D070_FBB2_41E8_B9623EAFF82E', class: 'QuadVideoPanoramaOverlay', label: 'MyCoolPlaceholderVideo', videoUrl: undefined, videoAutoplay: undefined}
tdvremote.js?v=1747847889850:1   3. overlay_EC367CFE_D070_FBB2_41E8_B9623EAFF82E 
tdvremote.js?v=1747847889850:1      Attributes: {id: 'overlay_EC367CFE_D070_FBB2_41E8_B9623EAFF82E', class: 'QuadVideoPanoramaOverlay', label: 'MyCoolPlaceholderVideo', videoUrl: undefined, videoAutoplay: undefined}
tdvremote.js?v=1747847889850:1 
Projected Image Elements (6):
tdvremote.js?v=1747847889850:1   1. overlay_F1A012BD_CA7C_9C5E_41B8_83982C5B3DDF 
tdvremote.js?v=1747847889850:1      Attributes: {id: 'overlay_F1A012BD_CA7C_9C5E_41B8_83982C5B3DDF', class: 'HotspotPanoramaOverlay', label: 'Image', hasPanoramaAction: true, hasOpenableMedia: undefined, …}
tdvremote.js?v=1747847889850:1   2. overlay_2B2411F7_16E6_D596_41A0_0D05C069428A 
tdvremote.js?v=1747847889850:1      Attributes: {id: 'overlay_2B2411F7_16E6_D596_41A0_0D05C069428A', class: 'HotspotPanoramaOverlay', label: 'MyProjectedImage', hasPanoramaAction: undefined, hasOpenableMedia: undefined, …}
tdvremote.js?v=1747847889850:1   3. overlay_F1A012BD_CA7C_9C5E_41B8_83982C5B3DDF 
tdvremote.js?v=1747847889850:1      Attributes: {id: 'overlay_F1A012BD_CA7C_9C5E_41B8_83982C5B3DDF', class: 'HotspotPanoramaOverlay', label: 'Image', hasPanoramaAction: true, hasOpenableMedia: undefined, …}
tdvremote.js?v=1747847889850:1   4. overlay_2B2411F7_16E6_D596_41A0_0D05C069428A 
tdvremote.js?v=1747847889850:1      Attributes: {id: 'overlay_2B2411F7_16E6_D596_41A0_0D05C069428A', class: 'HotspotPanoramaOverlay', label: 'MyProjectedImage', hasPanoramaAction: undefined, hasOpenableMedia: undefined, …}
tdvremote.js?v=1747847889850:1   5. overlay_2B2411F7_16E6_D596_41A0_0D05C069428A 
tdvremote.js?v=1747847889850:1      Attributes: {id: 'overlay_2B2411F7_16E6_D596_41A0_0D05C069428A', class: 'HotspotPanoramaOverlay', label: 'MyProjectedImage', hasPanoramaAction: undefined, hasOpenableMedia: undefined, …}
tdvremote.js?v=1747847889850:1   6. overlay_F1A012BD_CA7C_9C5E_41B8_83982C5B3DDF 
tdvremote.js?v=1747847889850:1      Attributes: {id: 'overlay_F1A012BD_CA7C_9C5E_41B8_83982C5B3DDF', class: 'HotspotPanoramaOverlay', label: 'Image', hasPanoramaAction: true, hasOpenableMedia: undefined, …}
tdvremote.js?v=1747847889850:1 
Webframe Elements (2):
tdvremote.js?v=1747847889850:1   1. FramePanoramaOverlay_925837FC_D070_75B6_41B3_F77883C2C479 
tdvremote.js?v=1747847889850:1      Attributes: {id: 'FramePanoramaOverlay_925837FC_D070_75B6_41B3_F77883C2C479', class: 'FramePanoramaOverlay', label: 'Web', url: undefined, frameWidth: undefined, …}
tdvremote.js?v=1747847889850:1   2. FramePanoramaOverlay_925837FC_D070_75B6_41B3_F77883C2C479 
tdvremote.js?v=1747847889850:1      Attributes: {id: 'FramePanoramaOverlay_925837FC_D070_75B6_41B3_F77883C2C479', class: 'FramePanoramaOverlay', label: 'Web', url: undefined, frameWidth: undefined, …}
tdvremote.js?v=1747847889850:1 
Text Elements (8):
tdvremote.js?v=1747847889850:1   1. overlay_EC5E7C6A_CA9D_A4FA_41E1_6438E3839339 
tdvremote.js?v=1747847889850:1      Attributes: {id: 'overlay_EC5E7C6A_CA9D_A4FA_41E1_6438E3839339', class: 'HotspotPanoramaOverlay', label: 'Info-Icon-Hotspot', hasPanoramaAction: undefined, hasOpenableMedia: undefined, …}
tdvremote.js?v=1747847889850:1   2. overlay_97B447F6_D070_15B2_41E7_3F131B16635C 
tdvremote.js?v=1747847889850:1      Attributes: {id: 'overlay_97B447F6_D070_15B2_41E7_3F131B16635C', class: 'HotspotPanoramaOverlay', label: 'MyHotspotText', hasPanoramaAction: undefined, hasOpenableMedia: undefined, …}
tdvremote.js?v=1747847889850:1   3. overlay_80DBAD6B_D090_1AD2_41A2_6EFF0920E29E 
tdvremote.js?v=1747847889850:1      Attributes: {id: 'overlay_80DBAD6B_D090_1AD2_41A2_6EFF0920E29E', class: 'HotspotPanoramaOverlay', label: 'Info-to_Video-360', hasPanoramaAction: undefined, hasOpenableMedia: undefined, …}
tdvremote.js?v=1747847889850:1   4. overlay_EC5E7C6A_CA9D_A4FA_41E1_6438E3839339 
tdvremote.js?v=1747847889850:1      Attributes: {id: 'overlay_EC5E7C6A_CA9D_A4FA_41E1_6438E3839339', class: 'HotspotPanoramaOverlay', label: 'Info-Icon-Hotspot', hasPanoramaAction: undefined, hasOpenableMedia: undefined, …}
tdvremote.js?v=1747847889850:1   5. overlay_97B447F6_D070_15B2_41E7_3F131B16635C 
tdvremote.js?v=1747847889850:1      Attributes: {id: 'overlay_97B447F6_D070_15B2_41E7_3F131B16635C', class: 'HotspotPanoramaOverlay', label: 'MyHotspotText', hasPanoramaAction: undefined, hasOpenableMedia: undefined, …}
tdvremote.js?v=1747847889850:1   6. overlay_80DBAD6B_D090_1AD2_41A2_6EFF0920E29E 
tdvremote.js?v=1747847889850:1      Attributes: {id: 'overlay_80DBAD6B_D090_1AD2_41A2_6EFF0920E29E', class: 'HotspotPanoramaOverlay', label: 'Info-to_Video-360', hasPanoramaAction: undefined, hasOpenableMedia: undefined, …}
tdvremote.js?v=1747847889850:1   7. overlay_EC5E7C6A_CA9D_A4FA_41E1_6438E3839339 
tdvremote.js?v=1747847889850:1      Attributes: {id: 'overlay_EC5E7C6A_CA9D_A4FA_41E1_6438E3839339', class: 'HotspotPanoramaOverlay', label: 'Info-Icon-Hotspot', hasPanoramaAction: undefined, hasOpenableMedia: undefined, …}
tdvremote.js?v=1747847889850:1   8. overlay_97B447F6_D070_15B2_41E7_3F131B16635C 
tdvremote.js?v=1747847889850:1      Attributes: {id: 'overlay_97B447F6_D070_15B2_41E7_3F131B16635C', class: 'HotspotPanoramaOverlay', label: 'MyHotspotText', hasPanoramaAction: undefined, hasOpenableMedia: undefined, …}
tdvremote.js?v=1747847889850:1 
--- Sample Panorama Data Structure ---
tdvremote.js?v=1747847889850:1 Sample Panorama Structure: {id: 'panorama_F151638B_CA7D_BC3A_4175_209ED67A3320', class: 'Panorama', properties: {…}}
tdvremote.js?v=1747847889850:1 
--- Inspecting Player API ---
tdvremote.js?v=1747847889850:1 Available Player Methods: (22) ['Cm', 'Gz', 'Yi', 'aL', 'bind', 'bindOnObject', 'bindOnObjectsOf', 'caa', 'constructor', 'createInstance', 'delete', 'disposeInstance', 'getByClassName', 'getById', 'jTa', 'naa', 'rab', 'tB', 'trigger', 'unbind', 'unbindOnObject', 'unbindOnObjectsOf']
tdvremote.js?v=1747847889850:1 
--- Testing Key Element Methods ---
tdvremote.js?v=1747847889850:1 Method "getMainPlayList": Not Available
tdvremote.js?v=1747847889850:1 Method "getByClassName": Available
tdvremote.js?v=1747847889850:1 Method "getById": Available
tdvremote.js?v=1747847889850:1 Method "getMainViewer": Not Available
tdvremote.js?v=1747847889850:1 Method "getOverlaysByTags": Not Available
tdvremote.js?v=1747847889850:1 Method "getOverlaysByName": Not Available
debug-core.js:432 🔍 SEARCH PRO DIAGNOSTIC REPORT
debug-core.js:648 🔍 Search Pro Debug Summary
debug-core.js:651 📊 CORE STATUS
debug-core.js:666 ⚙️ CONFIGURATION
debug-core.js:693 📂 DATA SOURCES
debug-core.js:761 🔍 SEARCH INDEX
debug-core.js:792 🖥️ DOM & UI
debug-core.js:812 💾 STORAGE
debug-core.js:821 📋 FULL REPORT
tdvremote.js?v=1747847889850:1 💢 Search panel observer active
tdvremote.js?v=1747847889850:1  Search Pro Debug Tools  Ready - Type searchProDebug.runDiagnostics() to analyze 
tdvremote.js?v=1747847889850:1 ⏰ TIMING-AWARE GOOGLE SHEETS FIX
tdvremote.js?v=1747847889850:1 
🛠️ Available commands:
tdvremote.js?v=1747847889850:1 smartSearchRebuild() - Timing-aware rebuild
tdvremote.js?v=1747847889850:1 Search Pro Debug Tools loaded successfully
tdvremote.js?v=1747847889850:1 ✅ Tour object found, initializing search...
tdvremote.js?v=1747847889850:1 🔍 DEBUG - Checking requirements:
tdvremote.js?v=1747847889850:1   - Container found: true
tdvremote.js?v=1747847889850:1   - Tour object: true
tdvremote.js?v=1747847889850:1   - Tour mainPlayList: false
tdvremote.js?v=1747847889850:1   - Tour properties: (16) ['_handlers', 'player', '_settings', '_devicesUrl', '_playersPlayingTmp', '_isInitialized', '_isPaused', '_isRemoteSession', '_orientation', '_lockedOrientation', '_device', '_currentScriptUrl', 'locManager', '_onHashChange', '_onKeyUp', '_onBeforeUnload']
tdvremote.js?v=1747847889850:1 [Search] Search initialization failed: missing requirements
d.error @ tdvremote.js?v=1747847889850:1
error @ utils.js:26
_initializeSearch @ search-01.js:1088
initializeSearch @ search-01.js:2063
initialize @ search-01.js:272
await in initialize
script.onload @ search-01.js:338
script
(anonymous) @ search-01.js:305
loadModules @ search-01.js:304
(anonymous) @ search-01.js:353
(anonymous) @ search-01.js:354
tdvremote.js?v=1747847889850:1 [video 4][08:45:48.290Z] PlaybackController on loaded metadata
tdvremote.js?v=1747847889850:1 [video 4][08:45:48.295Z] PlaybackController on can play
tdvremote.js?v=1747847889850:1 [video 4][08:45:48.295Z] AudioController updateVolume paused: false outputVolume: 0
tdvremote.js?v=1747847889850:1 [video 4][08:45:48.295Z] PlaybackController onPlaying event received. Visible: true
tdvremote.js?v=1747847889850:1 [video 4][08:45:48.295Z] PlaybackController can play through
tdvremote.js?v=1747847889850:1 [video 4][08:45:48.295Z] TimeController on can play through
tdvremote.js?v=1747847889850:1 [video 4][08:45:48.295Z] TimeController updateCurrentTime when can play through set time to: 0
tdvremote.js?v=1747847889850:1 [video 4][08:45:48.295Z] PlaybackController onPause event received without calling to pause
tdvremote.js?v=1747847889850:1 [video 4][08:45:48.298Z] PlaybackController on can play
tdvremote.js?v=1747847889850:1 [video 4][08:45:48.298Z] AudioController updateVolume paused: false outputVolume: 0
tdvremote.js?v=1747847889850:1 [video 4][08:45:48.298Z] PlaybackController onPlaying event received. Visible: true
tdvremote.js?v=1747847889850:1 [video 4][08:45:48.298Z] PlaybackController can play through
tdvremote.js?v=1747847889850:1 [video 4][08:45:48.298Z] TimeController on can play through
business.google.com/:1 
            
            
           Failed to load resource: the server responded with a status of 403 ()
tdvremote.js?v=1747847889850:1 {inView: true, propagateClick: false, ariaRole: 'button', autoRolledOver: true, autoPressed: true, …}
tdvremote.js?v=1747847889850:1 [video 0][08:45:49.538Z] HTMLMediaPlayer activate received when state: inactive and has media: false
tdvremote.js?v=1747847889850:1 [video 0][08:45:49.538Z] SrcSetter set:  subtitles:  startTime: 0
 [video 0][08:45:49.538Z] SrcSetter src ready
 [video 0][08:45:49.538Z] HTMLMediaPlayer on src ready activating
 [video 0][08:45:49.538Z] PlaybackController play
 [video 0][08:45:49.539Z] PlaybackController startPlaying calling play
 [video 0][08:45:49.539Z] PlaybackController this._media.play()
 [video 1][08:45:49.539Z] HTMLMediaPlayer activate received when state: inactive and has media: false
 [video 1][08:45:49.539Z] SrcSetter set:  subtitles:  startTime: 0
 [video 1][08:45:49.539Z] SrcSetter src ready
 [video 1][08:45:49.539Z] HTMLMediaPlayer on src ready activating
 [video 1][08:45:49.539Z] PlaybackController play
 [video 1][08:45:49.539Z] PlaybackController startPlaying calling play
 [video 1][08:45:49.539Z] PlaybackController this._media.play()
 [video 2][08:45:49.539Z] HTMLMediaPlayer activate received when state: inactive and has media: false
 [video 2][08:45:49.539Z] SrcSetter set:  subtitles:  startTime: 0
 [video 2][08:45:49.539Z] SrcSetter src ready
 [video 2][08:45:49.539Z] HTMLMediaPlayer on src ready activating
 [video 2][08:45:49.539Z] PlaybackController play
 [video 2][08:45:49.539Z] PlaybackController startPlaying calling play
 [video 2][08:45:49.540Z] PlaybackController this._media.play()
 [video 3][08:45:49.540Z] HTMLMediaPlayer activate received when state: inactive and has media: false
 [video 3][08:45:49.540Z] SrcSetter set:  subtitles:  startTime: 0
 [video 3][08:45:49.540Z] SrcSetter src ready
 [video 3][08:45:49.540Z] HTMLMediaPlayer on src ready activating
 [video 3][08:45:49.540Z] PlaybackController play
 [video 3][08:45:49.540Z] PlaybackController startPlaying calling play
 [video 3][08:45:49.540Z] PlaybackController this._media.play()
 🔍 DEBUG - Checking requirements:
   - Container found: true
   - Tour object: true
   - Tour mainPlayList: true
   - Tour properties: (567) ['WH', 'o', 'Hra', 'kx', 'OA', 'Era', '$ya', 'Qc', 'qq', 'WI', 'mc', 'xa', 'afa', 'nQ', 'lda', 'te', 'v9', 'mta', 'Rza', 'mb', 'ta', 'Kw', 'Lw', 'sa', 'wa', 'Ub', 'kA', 'bta', 'cm', 'bm', 'nP', 'mP', 'Mb', 'bi', 'Jq', 'SI', 'Yb', 'Pwa', 'Xd', 'wD', 'AX', 'hua', 'wca', 'BRa', 'Rc', 'Io', 'yY', 'Aw', 'QO', 'Zl', '$d', 'yq', 'XN', 'vqa', 'wqa', 'Rb', 'dc', 'Ng', 'jg', 'be', 'yd', 'em', 'fm', 'Dba', 'vba', 'qqa', 'r9', 's9', 't9', 'u9', 'UA', 'mda', 'fA', '$X', 'Zt', 'A1', 'If', 'Qga', 'Bx', 'gd', 'oza', 'Id', 'Sd', 'YUa', 'DPa', 'OQ', 'W9', '$b', 'bX', 'iua', 'CD', 'LN', 'yra', 'b9', 'J1', 'I1', 'GA', 'Oaa', 'rj', 'ug', …]
   - MainPlayList type: object
   - MainPlayList get function: function
 === DEBUGGING SEARCH INDEX BUILDER ===
 Total items found: 7
 
--- Processing item 0 ---
 Item object: h {Qc: {…}, qq: {…}, C: 'playing'}
 Media object: h {Qc: {…}, qq: {…}, lK: Array(3), KY: Array(3), wga: ƒ, …}
 Media data: {label: 'Room-1'}
 Label: Room-1 Subtitle: 
 Should include this item: true
 Display label: Room-1
 ✅ Adding panorama to index: {type: 'Panorama', index: 0, id: 'panorama_1F4F3504_1693_C368_4155_CD0C98E5CBB4', label: 'Room-1', originalLabel: 'Room-1', …}
 Found overlays: 3
 Processing overlay: GoToRoom-2 Type detected: Hotspot
 Processing overlay: Web Type detected: Webframe
 Processing overlay: Info-to_Video-360 Type detected: Hotspot
 
--- Processing item 1 ---
 Item object: h {Qc: {…}, qq: {…}, C: 'stopped'}
 Media object: h {Qc: {…}, qq: {…}, lK: Array(5), KY: Array(5), wga: ƒ}
 Media data: {tags: Array(1)}
 Label:  Subtitle: 
 Should include this item: true
 Display label: MyCoolTag_01
 ✅ Adding panorama to index: {type: 'Panorama', index: 1, id: 'panorama_FD134B42_CA7D_AC2A_41E0_59846BC1318E', label: 'MyCoolTag_01', originalLabel: '', …}
 Found overlays: 5
 Processing overlay: GoToRoom-1 Type detected: Hotspot
 Processing overlay: GoToRoom-4 Type detected: Hotspot
 Processing overlay: GoToRoom-3 Type detected: Hotspot
 Processing overlay: MyCoolPolygon01 Type detected: Polygon
 Processing overlay: MyProjectedImage Type detected: Hotspot
 
--- Processing item 2 ---
 Item object: h {Qc: {…}, qq: {…}, C: 'stopped'}
 Media object: h {Qc: {…}, qq: {…}, lK: Array(2), KY: Array(2), wga: ƒ}
 Media data: {label: 'Room-3', tags: Array(1), subtitle: 'Facility-3'}
 Label: Room-3 Subtitle: Facility-3
tdvremote.js?v=1747847889850:1 Should include this item: true
tdvremote.js?v=1747847889850:1 Display label: Room-3
tdvremote.js?v=1747847889850:1 ✅ Adding panorama to index: {type: 'Panorama', index: 2, id: 'panorama_F15D7F82_CA7D_A42A_41C6_927DF9112683', label: 'Room-3', originalLabel: 'Room-3', …}
tdvremote.js?v=1747847889850:1 Found overlays: 2
tdvremote.js?v=1747847889850:1 Processing overlay: GoToRoom-2 Type detected: Hotspot
tdvremote.js?v=1747847889850:1 Processing overlay: MyCoolPolygon03 Type detected: Polygon
tdvremote.js?v=1747847889850:1 
--- Processing item 3 ---
tdvremote.js?v=1747847889850:1 Item object: h {Qc: {…}, qq: {…}, C: 'stopped'}
tdvremote.js?v=1747847889850:1 Media object: h {Qc: {…}, qq: {…}, lK: Array(5), KY: Array(5), wga: ƒ}
tdvremote.js?v=1747847889850:1 Media data: {tags: Array(2), subtitle: 'Facility-4'}
tdvremote.js?v=1747847889850:1 Label:  Subtitle: Facility-4
tdvremote.js?v=1747847889850:1 Should include this item: true
tdvremote.js?v=1747847889850:1 Display label: Facility-4
tdvremote.js?v=1747847889850:1 ✅ Adding panorama to index: {type: 'Panorama', index: 3, id: 'panorama_F151638B_CA7D_BC3A_4175_209ED67A3320', label: 'Facility-4', originalLabel: '', …}
tdvremote.js?v=1747847889850:1 Found overlays: 5
tdvremote.js?v=1747847889850:1 Processing overlay: Image Type detected: Hotspot
tdvremote.js?v=1747847889850:1 Processing overlay: Info-Icon-Hotspot Type detected: Hotspot
tdvremote.js?v=1747847889850:1 Processing overlay: MyCoolPlaceholderVideo Type detected: Video
tdvremote.js?v=1747847889850:1 Processing overlay: MyHotspotText Type detected: Hotspot
tdvremote.js?v=1747847889850:1 Processing overlay: MyCoolPolygon02 Type detected: Hotspot
tdvremote.js?v=1747847889850:1 
--- Processing item 4 ---
tdvremote.js?v=1747847889850:1 Item object: h {Qc: {…}, qq: {…}, C: 'stopped'}
tdvremote.js?v=1747847889850:1 Media object: h {Qc: {…}, qq: {…}, wga: ƒ}
tdvremote.js?v=1747847889850:1 Media data: {keepModel3DLoadedWithoutLocation: true, label: 'Model-01', showOnlyHotspotsLineSight: true, showOnlyHotspotsLineSightInPanoramas: true}
tdvremote.js?v=1747847889850:1 Label: Model-01 Subtitle: 
tdvremote.js?v=1747847889850:1 Should include this item: true
tdvremote.js?v=1747847889850:1 Display label: Model-01
tdvremote.js?v=1747847889850:1 ✅ Adding panorama to index: {type: 'Panorama', index: 4, id: 'model_F0D1EB78_CA94_ACE6_41D0_A952164CC22E', label: 'Model-01', originalLabel: 'Model-01', …}
tdvremote.js?v=1747847889850:1 Found overlays: 0
tdvremote.js?v=1747847889850:1 
--- Processing item 5 ---
tdvremote.js?v=1747847889850:1 Item object: h {Qc: {…}, qq: {…}, C: 'stopped'}
tdvremote.js?v=1747847889850:1 Media object: h {Qc: {…}, qq: {…}, lK: Array(0), KY: Array(0), wga: ƒ, …}
tdvremote.js?v=1747847889850:1 Media data: {label: 'Technimark-360-video-sample'}
tdvremote.js?v=1747847889850:1 Label: Technimark-360-video-sample Subtitle: 
tdvremote.js?v=1747847889850:1 Should include this item: true
tdvremote.js?v=1747847889850:1 Display label: Technimark-360-video-sample
tdvremote.js?v=1747847889850:1 ✅ Adding panorama to index: {type: 'Panorama', index: 5, id: 'media_9EAA4B28_D090_1E5E_41D1_B73F7FE1363B', label: 'Technimark-360-video-sample', originalLabel: 'Technimark-360-video-sample', …}
tdvremote.js?v=1747847889850:1 Found overlays: 0
tdvremote.js?v=1747847889850:1 
--- Processing item 6 ---
tdvremote.js?v=1747847889850:1 Item object: h {Qc: {…}, qq: {…}, C: 'stopped'}
tdvremote.js?v=1747847889850:1 Media object: h {Qc: {…}, qq: {…}, lK: Array(1), KY: Array(1), wga: ƒ}
tdvremote.js?v=1747847889850:1 Media data: {}
tdvremote.js?v=1747847889850:1 Label:  Subtitle: 
tdvremote.js?v=1747847889850:1 Should include this item: true
tdvremote.js?v=1747847889850:1 Display label: [Unnamed Item]
tdvremote.js?v=1747847889850:1 ✅ Adding panorama to index: {type: 'Panorama', index: 6, id: 'panorama_F289242C_D090_0A56_41E5_7B2C79291A3C', label: '[Unnamed Item]', originalLabel: '', …}
tdvremote.js?v=1747847889850:1 Found overlays: 1
tdvremote.js?v=1747847889850:1 Processing overlay: PolygonOn360Video Type detected: Polygon
tdvremote.js?v=1747847889850:1 === INDEX BUILDING COMPLETE ===
tdvremote.js?v=1747847889850:1 Total items added to fuseData: 23
tdvremote.js?v=1747847889850:1 FuseData sample: (3) [{…}, {…}, {…}]
tdvremote.js?v=1747847889850:1 🔍 Search Panel shown at 2:45:49 AM
tdvremote.js?v=1747847889850:1 Current results: 0 (0 business, 0 sheets)
tdvremote.js?v=1747847889850:1 [video 0][08:45:49.562Z] AudioController updateVolume paused: false outputVolume: 1
tdvremote.js?v=1747847889850:1 [video 0][08:45:49.562Z] PlaybackController onPlay event received when waiting to play
tdvremote.js?v=1747847889850:1 [video 0][08:45:49.562Z] HTMLMediaPlayer on play activating
tdvremote.js?v=1747847889850:1 [video 0][08:45:49.562Z] PlaybackController stop
tdvremote.js?v=1747847889850:1 [video 0][08:45:49.562Z] PlaybackController startPausing calling pause
tdvremote.js?v=1747847889850:1 [video 0][08:45:49.562Z] HTMLMediaPlayer media can play. Has pending properties: false
tdvremote.js?v=1747847889850:1 [video 0][08:45:49.562Z] PlaybackController onPause event received when waiting to stop
tdvremote.js?v=1747847889850:1 [video 1][08:45:49.563Z] AudioController updateVolume paused: false outputVolume: 1
tdvremote.js?v=1747847889850:1 [video 1][08:45:49.563Z] PlaybackController onPlay event received when waiting to play
tdvremote.js?v=1747847889850:1 [video 1][08:45:49.563Z] HTMLMediaPlayer on play activating
tdvremote.js?v=1747847889850:1 [video 1][08:45:49.563Z] PlaybackController stop
tdvremote.js?v=1747847889850:1 [video 1][08:45:49.563Z] PlaybackController startPausing calling pause
tdvremote.js?v=1747847889850:1 [video 1][08:45:49.563Z] HTMLMediaPlayer media can play. Has pending properties: false
tdvremote.js?v=1747847889850:1 [video 1][08:45:49.563Z] PlaybackController onPause event received when waiting to stop
tdvremote.js?v=1747847889850:1 [video 2][08:45:49.563Z] AudioController updateVolume paused: false outputVolume: 1
tdvremote.js?v=1747847889850:1 [video 2][08:45:49.563Z] PlaybackController onPlay event received when waiting to play
tdvremote.js?v=1747847889850:1 [video 2][08:45:49.563Z] HTMLMediaPlayer on play activating
tdvremote.js?v=1747847889850:1 [video 2][08:45:49.563Z] PlaybackController stop
tdvremote.js?v=1747847889850:1 [video 2][08:45:49.563Z] PlaybackController startPausing calling pause
tdvremote.js?v=1747847889850:1 [video 2][08:45:49.565Z] HTMLMediaPlayer media can play. Has pending properties: false
tdvremote.js?v=1747847889850:1 [video 2][08:45:49.565Z] PlaybackController onPause event received when waiting to stop
tdvremote.js?v=1747847889850:1 [video 3][08:45:49.565Z] AudioController updateVolume paused: false outputVolume: 1
tdvremote.js?v=1747847889850:1 [video 3][08:45:49.565Z] PlaybackController onPlay event received when waiting to play
tdvremote.js?v=1747847889850:1 [video 3][08:45:49.565Z] HTMLMediaPlayer on play activating
tdvremote.js?v=1747847889850:1 [video 3][08:45:49.565Z] PlaybackController stop
tdvremote.js?v=1747847889850:1 [video 3][08:45:49.565Z] PlaybackController startPausing calling pause
tdvremote.js?v=1747847889850:1 [video 3][08:45:49.565Z] HTMLMediaPlayer media can play. Has pending properties: false
tdvremote.js?v=1747847889850:1 [video 3][08:45:49.566Z] PlaybackController onPause event received when waiting to stop
tdvremote.js?v=1747847889850:1 [video 0][08:45:49.566Z] PlaybackController onPause event received without calling to pause
tdvremote.js?v=1747847889850:1 [video 1][08:45:49.566Z] PlaybackController onPause event received without calling to pause
tdvremote.js?v=1747847889850:1 [video 2][08:45:49.566Z] PlaybackController onPause event received without calling to pause
tdvremote.js?v=1747847889850:1 [video 3][08:45:49.566Z] PlaybackController onPause event received without calling to pause
tdvremote.js?v=1747847889850:1 [video 0][08:45:49.566Z] PlaybackController on loaded metadata
tdvremote.js?v=1747847889850:1 [video 1][08:45:49.566Z] PlaybackController on loaded metadata
tdvremote.js?v=1747847889850:1 [video 2][08:45:49.568Z] PlaybackController on loaded metadata
tdvremote.js?v=1747847889850:1 [video 3][08:45:49.568Z] PlaybackController on loaded metadata
tdvremote.js?v=1747847889850:1 [video 0][08:45:49.585Z] PlaybackController on can play
tdvremote.js?v=1747847889850:1 [video 0][08:45:49.585Z] PlaybackController can play through
tdvremote.js?v=1747847889850:1 [video 0][08:45:49.585Z] TimeController on can play through
tdvremote.js?v=1747847889850:1 [video 1][08:45:49.587Z] PlaybackController on can play
tdvremote.js?v=1747847889850:1 [video 1][08:45:49.587Z] PlaybackController can play through
tdvremote.js?v=1747847889850:1 [video 1][08:45:49.587Z] TimeController on can play through
tdvremote.js?v=1747847889850:1 [video 2][08:45:49.588Z] PlaybackController on can play
tdvremote.js?v=1747847889850:1 [video 2][08:45:49.588Z] PlaybackController can play through
tdvremote.js?v=1747847889850:1 [video 2][08:45:49.588Z] TimeController on can play through
tdvremote.js?v=1747847889850:1 [video 3][08:45:49.589Z] PlaybackController on can play
tdvremote.js?v=1747847889850:1 [video 3][08:45:49.589Z] PlaybackController can play through
tdvremote.js?v=1747847889850:1 [video 3][08:45:49.589Z] TimeController on can play through
debug-core.js:432 🔍 SEARCH PRO DIAGNOSTIC REPORT
debug-core.js:648 🔍 Search Pro Debug Summary
debug-core.js:651 📊 CORE STATUS
debug-core.js:666 ⚙️ CONFIGURATION
debug-core.js:693 📂 DATA SOURCES
debug-core.js:761 🔍 SEARCH INDEX
debug-core.js:792 🖥️ DOM & UI
debug-core.js:812 💾 STORAGE
debug-core.js:821 📋 FULL REPORT
tdvremote.js?v=1747847889850:1 💢 Search panel observer active
tdvremote.js?v=1747847889850:1 🚀 Starting smart rebuild...
tdvremote.js?v=1747847889850:1 🤖 Smart search rebuild - checking tour readiness...
tdvremote.js?v=1747847889850:1 ⏳ Tour not ready yet, waiting...
tdvremote.js?v=1747847889850:1 🔍 SEARCH DEBUG - Start
tdvremote.js?v=1747847889850:1   - Search term: *
tdvremote.js?v=1747847889850:1   - Fuse available: true
tdvremote.js?v=1747847889850:1   - Fuse _docs length: 23
tdvremote.js?v=1747847889850:1   - Results container: true
tdvremote.js?v=1747847889850:1   - Results list: true
tdvremote.js?v=1747847889850:1 [Thumbnail Debug] Assigning thumbnail for result: {id: 'panorama_F289242C_D090_0A56_41E5_7B2C79291A3C', type: 'Panorama', label: '[Unnamed Item]', Config type URL: './search-pro/assets/default-thumbnail.jpg', Final resolved URL: './search-pro/assets/default-thumbnail.jpg', …}
tdvremote.js?v=1747847889850:1 [Thumbnail Debug] Assigning thumbnail for result: {id: 'panorama_F151638B_CA7D_BC3A_4175_209ED67A3320', type: 'Panorama', label: 'Facility-4', Config type URL: './search-pro/assets/default-thumbnail.jpg', Final resolved URL: './search-pro/assets/default-thumbnail.jpg', …}
tdvremote.js?v=1747847889850:1 [Thumbnail Debug] Assigning thumbnail for result: {id: 'model_F0D1EB78_CA94_ACE6_41D0_A952164CC22E', type: 'Panorama', label: 'Model-01', Config type URL: './search-pro/assets/default-thumbnail.jpg', Final resolved URL: './search-pro/assets/default-thumbnail.jpg', …}
tdvremote.js?v=1747847889850:1 [Thumbnail Debug] Assigning thumbnail for result: {id: 'panorama_FD134B42_CA7D_AC2A_41E0_59846BC1318E', type: 'Panorama', label: 'MyCoolTag_01', Config type URL: './search-pro/assets/default-thumbnail.jpg', Final resolved URL: './search-pro/assets/default-thumbnail.jpg', …}
tdvremote.js?v=1747847889850:1 [Thumbnail Debug] Assigning thumbnail for result: {id: 'panorama_1F4F3504_1693_C368_4155_CD0C98E5CBB4', type: 'Panorama', label: 'Room-1', Config type URL: './search-pro/assets/default-thumbnail.jpg', Final resolved URL: './search-pro/assets/default-thumbnail.jpg', …}
tdvremote.js?v=1747847889850:1 [Thumbnail Debug] Assigning thumbnail for result: {id: 'panorama_F15D7F82_CA7D_A42A_41C6_927DF9112683', type: 'Panorama', label: 'Room-3', Config type URL: './search-pro/assets/default-thumbnail.jpg', Final resolved URL: './search-pro/assets/default-thumbnail.jpg', …}
tdvremote.js?v=1747847889850:1 [Thumbnail Debug] Assigning thumbnail for result: {id: 'media_9EAA4B28_D090_1E5E_41D1_B73F7FE1363B', type: 'Panorama', label: 'Technimark-360-video-sample', Config type URL: './search-pro/assets/default-thumbnail.jpg', Final resolved URL: './search-pro/assets/default-thumbnail.jpg', …}
tdvremote.js?v=1747847889850:1 [Thumbnail Debug] Assigning thumbnail for result: {id: 'overlay_F1E17B00_CA7C_AC26_41DE_5E163BA21E1C', type: 'Hotspot', label: 'GoToRoom-1', Config type URL: './search-pro/assets/hotspot-default.jpg', Final resolved URL: './search-pro/assets/hotspot-default.jpg', …}
tdvremote.js?v=1747847889850:1 [Thumbnail Debug] Assigning thumbnail for result: {id: 'overlay_F1E4FAFF_CA7C_ADDA_41DD_D21758A4FDC1', type: 'Hotspot', label: 'GoToRoom-2', Config type URL: './search-pro/assets/hotspot-default.jpg', Final resolved URL: './search-pro/assets/hotspot-default.jpg', …}
tdvremote.js?v=1747847889850:1 [Thumbnail Debug] Assigning thumbnail for result: {id: 'overlay_F1C73914_CA7D_AC2E_41BD_79C6C84901B8', type: 'Hotspot', label: 'GoToRoom-2', Config type URL: './search-pro/assets/hotspot-default.jpg', Final resolved URL: './search-pro/assets/hotspot-default.jpg', …}
tdvremote.js?v=1747847889850:1 [Thumbnail Debug] Assigning thumbnail for result: {id: 'overlay_F1BB4914_CA7D_AC2E_41A0_0CCBAEEEDF69', type: 'Hotspot', label: 'GoToRoom-3', Config type URL: './search-pro/assets/hotspot-default.jpg', Final resolved URL: './search-pro/assets/hotspot-default.jpg', …}
tdvremote.js?v=1747847889850:1 [Thumbnail Debug] Assigning thumbnail for result: {id: 'overlay_F1A702BD_CA7C_9C5E_41E6_E910ED2FC626', type: 'Hotspot', label: 'GoToRoom-4', Config type URL: './search-pro/assets/hotspot-default.jpg', Final resolved URL: './search-pro/assets/hotspot-default.jpg', …}
tdvremote.js?v=1747847889850:1 [Thumbnail Debug] Assigning thumbnail for result: {id: 'overlay_F1A012BD_CA7C_9C5E_41B8_83982C5B3DDF', type: 'Hotspot', label: 'Image', Config type URL: './search-pro/assets/hotspot-default.jpg', Final resolved URL: './search-pro/assets/hotspot-default.jpg', …}
tdvremote.js?v=1747847889850:1 [Thumbnail Debug] Assigning thumbnail for result: {id: 'overlay_EC5E7C6A_CA9D_A4FA_41E1_6438E3839339', type: 'Hotspot', label: 'Info-Icon-Hotspot', Config type URL: './search-pro/assets/hotspot-default.jpg', Final resolved URL: './search-pro/assets/hotspot-default.jpg', …}
tdvremote.js?v=1747847889850:1 [Thumbnail Debug] Assigning thumbnail for result: {id: 'overlay_80DBAD6B_D090_1AD2_41A2_6EFF0920E29E', type: 'Hotspot', label: 'Info-to_Video-360', Config type URL: './search-pro/assets/hotspot-default.jpg', Final resolved URL: './search-pro/assets/hotspot-default.jpg', …}
tdvremote.js?v=1747847889850:1 [Thumbnail Debug] Assigning thumbnail for result: {id: 'overlay_98F8EB39_D070_1EBE_41C7_6901A9686898', type: 'Hotspot', label: 'MyCoolPolygon02', Config type URL: './search-pro/assets/hotspot-default.jpg', Final resolved URL: './search-pro/assets/hotspot-default.jpg', …}
tdvremote.js?v=1747847889850:1 [Thumbnail Debug] Assigning thumbnail for result: {id: 'overlay_97B447F6_D070_15B2_41E7_3F131B16635C', type: 'Hotspot', label: 'MyHotspotText', Config type URL: './search-pro/assets/hotspot-default.jpg', Final resolved URL: './search-pro/assets/hotspot-default.jpg', …}
tdvremote.js?v=1747847889850:1 [Thumbnail Debug] Assigning thumbnail for result: {id: 'overlay_2B2411F7_16E6_D596_41A0_0D05C069428A', type: 'Hotspot', label: 'MyProjectedImage', Config type URL: './search-pro/assets/hotspot-default.jpg', Final resolved URL: './search-pro/assets/hotspot-default.jpg', …}
tdvremote.js?v=1747847889850:1 [Thumbnail Debug] Assigning thumbnail for result: {id: 'overlay_EC367CFE_D070_FBB2_41E8_B9623EAFF82E', type: 'Video', label: 'MyCoolPlaceholderVideo', Config type URL: './search-pro/assets/video-default.jpg', Final resolved URL: './search-pro/assets/video-default.jpg', …}
tdvremote.js?v=1747847889850:1 [Thumbnail Debug] Assigning thumbnail for result: {id: 'FramePanoramaOverlay_925837FC_D070_75B6_41B3_F77883C2C479', type: 'Webframe', label: 'Web', Config type URL: './search-pro/assets/webframe-default.jpg', Final resolved URL: './search-pro/assets/webframe-default.jpg', …}
tdvremote.js?v=1747847889850:1 [Thumbnail Debug] Assigning thumbnail for result: {id: 'overlay_E6C2DD2F_D070_3A52_41A0_83C286A7C5D1', type: 'Polygon', label: 'MyCoolPolygon01', Config type URL: './search-pro/assets/polygon-default.jpg', Final resolved URL: './search-pro/assets/polygon-default.jpg', …}
tdvremote.js?v=1747847889850:1 [Thumbnail Debug] Assigning thumbnail for result: {id: 'overlay_8161A12C_D070_0A56_41E6_9AF4A6262526', type: 'Polygon', label: 'MyCoolPolygon03', Config type URL: './search-pro/assets/polygon-default.jpg', Final resolved URL: './search-pro/assets/polygon-default.jpg', …}
tdvremote.js?v=1747847889850:1 [Thumbnail Debug] Assigning thumbnail for result: {id: 'overlay_D003CFA4_F3DF_6F8D_41E2_E855493590B6', type: 'Polygon', label: 'PolygonOn360Video', Config type URL: './search-pro/assets/polygon-default.jpg', Final resolved URL: './search-pro/assets/polygon-default.jpg', …}
tdvremote.js?v=1747847889850:1 ❌ Timeout waiting for tour to be ready
d.error @ tdvremote.js?v=1747847889850:1
check @ debug-core.js:1167
setTimeout
check @ debug-core.js:1173
setTimeout
check @ debug-core.js:1173
setTimeout
check @ debug-core.js:1173
setTimeout
check @ debug-core.js:1173
waitForTour @ debug-core.js:1177
window.smartSearchRebuild @ debug-core.js:1186
(anonymous) @ debug-core.js:1289
setTimeout
(anonymous) @ debug-core.js:1287
(anonymous) @ debug-core.js:1291
index.htm?debug=true:1 The resource http://127.0.0.1:5500/script_general.js?v=1747847889850 was preloaded using link preload but not used within a few seconds from the window's load event. Please make sure it has an appropriate `as` value and it is preloaded intentionally.
tdvremote.js?v=1747847889850:1 🔍 Search Panel hidden at 2:45:55 AM
tdvremote.js?v=1747847889850:1 🔍 Search Panel hidden at 2:45:55 AM
index.htm?debug=true:1 The resource http://127.0.0.1:5500/script_general.js?v=1747847889850 was preloaded using link preload but not used within a few seconds from the window's load event. Please make sure it has an appropriate `as` value and it is preloaded intentionally.
tdvremote.js?v=1747847889850:1 [video 4][08:46:03.338Z] PlaybackController onPause event received without calling to pause
tdvremote.js?v=1747847889850:1 [video 4][08:46:03.338Z] PlaybackController onEnded
tdvremote.js?v=1747847889850:1 [video 4][08:46:03.338Z] PlaybackController onEnded finalizing video
tdvremote.js?v=1747847889850:1 [video 4][08:46:03.339Z] PlaybackController startPausing already paused
tdvremote.js?v=1747847889850:1 [video 4][08:46:03.339Z] PlaybackController onPause event received when waiting to stop
tdvremote.js?v=1747847889850:1 [video 0][08:46:03.339Z] HTMLMediaPlayer stop
tdvremote.js?v=1747847889850:1 [video 0][08:46:03.339Z] PlaybackController stop
tdvremote.js?v=1747847889850:1 [video 0][08:46:03.339Z] PlaybackController startPausing already paused
tdvremote.js?v=1747847889850:1 [video 0][08:46:03.339Z] PlaybackController onPause event received when waiting to stop
tdvremote.js?v=1747847889850:1 [video 1][08:46:03.340Z] HTMLMediaPlayer stop
tdvremote.js?v=1747847889850:1 [video 1][08:46:03.340Z] PlaybackController stop
tdvremote.js?v=1747847889850:1 [video 1][08:46:03.340Z] PlaybackController startPausing already paused
tdvremote.js?v=1747847889850:1 [video 1][08:46:03.340Z] PlaybackController onPause event received when waiting to stop
tdvremote.js?v=1747847889850:1 [video 2][08:46:03.340Z] HTMLMediaPlayer stop
tdvremote.js?v=1747847889850:1 [video 2][08:46:03.340Z] PlaybackController stop
tdvremote.js?v=1747847889850:1 [video 2][08:46:03.340Z] PlaybackController startPausing already paused
tdvremote.js?v=1747847889850:1 [video 2][08:46:03.340Z] PlaybackController onPause event received when waiting to stop
tdvremote.js?v=1747847889850:1 [video 3][08:46:03.340Z] HTMLMediaPlayer stop
tdvremote.js?v=1747847889850:1 [video 3][08:46:03.340Z] PlaybackController stop
tdvremote.js?v=1747847889850:1 [video 3][08:46:03.340Z] PlaybackController startPausing already paused
tdvremote.js?v=1747847889850:1 [video 3][08:46:03.340Z] PlaybackController onPause event received when waiting to stop
tdvremote.js?v=1747847889850:1 [video 4][08:46:03.340Z] HTMLMediaPlayer stop
tdvremote.js?v=1747847889850:1 [video 4][08:46:03.340Z] PlaybackController stop
tdvremote.js?v=1747847889850:1 [video 4][08:46:03.340Z] PlaybackController startPausing already paused
tdvremote.js?v=1747847889850:1 [video 4][08:46:03.340Z] PlaybackController onPause event received when waiting to stop
tdvremote.js?v=1747847889850:1 [video 5][08:46:03.341Z] HTMLMediaPlayer stop
tdvremote.js?v=1747847889850:1 [video 5][08:46:03.341Z] PlaybackController stop
tdvremote.js?v=1747847889850:1 [video 5][08:46:03.341Z] PlaybackController startPausing already paused
tdvremote.js?v=1747847889850:1 [video 5][08:46:03.341Z] PlaybackController onPause event received when waiting to stop
tdvremote.js?v=1747847889850:1 [video 6][08:46:03.341Z] HTMLMediaPlayer stop
tdvremote.js?v=1747847889850:1 [video 6][08:46:03.341Z] PlaybackController stop
tdvremote.js?v=1747847889850:1 [video 6][08:46:03.341Z] PlaybackController startPausing already paused
tdvremote.js?v=1747847889850:1 [video 6][08:46:03.341Z] PlaybackController onPause event received when waiting to stop
tdvremote.js?v=1747847889850:1 [video 7][08:46:03.341Z] HTMLMediaPlayer stop
tdvremote.js?v=1747847889850:1 [video 7][08:46:03.341Z] PlaybackController stop
tdvremote.js?v=1747847889850:1 [video 7][08:46:03.341Z] PlaybackController startPausing already paused
tdvremote.js?v=1747847889850:1 [video 7][08:46:03.341Z] PlaybackController onPause event received when waiting to stop
tdvremote.js?v=1747847889850:1 [video 8][08:46:03.341Z] HTMLMediaPlayer stop
tdvremote.js?v=1747847889850:1 [video 8][08:46:03.341Z] PlaybackController stop
tdvremote.js?v=1747847889850:1 [video 8][08:46:03.341Z] PlaybackController startPausing already paused
tdvremote.js?v=1747847889850:1 [video 8][08:46:03.341Z] PlaybackController onPause event received when waiting to stop
tdvremote.js?v=1747847889850:1 [video 9][08:46:03.341Z] HTMLMediaPlayer stop
tdvremote.js?v=1747847889850:1 [video 9][08:46:03.342Z] PlaybackController stop
tdvremote.js?v=1747847889850:1 [video 9][08:46:03.342Z] PlaybackController startPausing already paused
tdvremote.js?v=1747847889850:1 [video 9][08:46:03.342Z] PlaybackController onPause event received when waiting to stop
tdvremote.js?v=1747847889850:1 [video 4][08:46:03.342Z] PlaybackController onEnded
