tdvplayer.js?v=1748641500788:29 [Violation] 'setTimeout' handler took 50ms
tdvremote.js?v=1748641500788:1 [BUSINESS DATA] Constructed URL: http://127.0.0.1:5500/search-pro-non-mod/business-data/business.json
tdvremote.js?v=1748641500788:1 PXL 360 Player v:2169
tdvremote.js?v=1748641500788:1 Local Fuse.js loaded successfully
tdvplayer.js?v=1748641500788:159 Unrecognized feature: 'vr'.
attr @ tdvplayer.js?v=1748641500788:159
$ @ tdvplayer.js?v=1748641500788:94
attr @ tdvplayer.js?v=1748641500788:158
a.Hb @ tdvplayer.js?v=1748641500788:3957
e.y1a @ tdvplayer.js?v=1748641500788:3700
e.oa @ tdvplayer.js?v=1748641500788:3700
e.ZZ @ tdvplayer.js?v=1748641500788:3701
m @ tdvplayer.js?v=1748641500788:511
Promise.then
XB @ tdvplayer.js?v=1748641500788:511
e.sx @ tdvplayer.js?v=1748641500788:3701
e.zT @ tdvplayer.js?v=1748641500788:3699
q.zT @ tdvplayer.js?v=1748641500788:599
q.pba @ tdvplayer.js?v=1748641500788:598
q.Jt @ tdvplayer.js?v=1748641500788:582
q.Jt @ tdvplayer.js?v=1748641500788:675
(anonymous) @ tdvplayer.js?v=1748641500788:3703
(anonymous) @ tdvplayer.js?v=1748641500788:3717
(anonymous) @ tdvplayer.js?v=1748641500788:491
(anonymous) @ tdvplayer.js?v=1748641500788:487
e.Cm @ tdvplayer.js?v=1748641500788:487
l.OQa @ tdvplayer.js?v=1748641500788:4011
l.W8a @ tdvplayer.js?v=1748641500788:4008
(anonymous) @ tdvplayer.js?v=1748641500788:4019
(anonymous) @ tdvplayer.js?v=1748641500788:256
setTimeout
r.delay @ tdvplayer.js?v=1748641500788:256
c @ tdvplayer.js?v=1748641500788:241
P @ tdvplayer.js?v=1748641500788:255
e.DXa @ tdvplayer.js?v=1748641500788:4019
(anonymous) @ tdvplayer.js?v=1748641500788:4019
(anonymous) @ tdvplayer.js?v=1748641500788:3659
h.Gz @ tdvplayer.js?v=1748641500788:516
h.trigger @ tdvplayer.js?v=1748641500788:515
t.load @ tdvplayer.js?v=1748641500788:3660
r.k9a @ tdvplayer.js?v=1748641500788:3659
e @ tdvplayer.js?v=1748641500788:4019
l.defineScript @ tdvplayer.js?v=1748641500788:211
(anonymous) @ script_general.js:230
(anonymous) @ script_general.js:232
tdvplayer.js?v=1748641500788:159 Allow attribute will take precedence over 'allowfullscreen'.
attr @ tdvplayer.js?v=1748641500788:159
$ @ tdvplayer.js?v=1748641500788:94
attr @ tdvplayer.js?v=1748641500788:158
a.Hb @ tdvplayer.js?v=1748641500788:3957
e.y1a @ tdvplayer.js?v=1748641500788:3700
e.oa @ tdvplayer.js?v=1748641500788:3700
e.ZZ @ tdvplayer.js?v=1748641500788:3701
m @ tdvplayer.js?v=1748641500788:511
Promise.then
XB @ tdvplayer.js?v=1748641500788:511
e.sx @ tdvplayer.js?v=1748641500788:3701
e.zT @ tdvplayer.js?v=1748641500788:3699
q.zT @ tdvplayer.js?v=1748641500788:599
q.pba @ tdvplayer.js?v=1748641500788:598
q.Jt @ tdvplayer.js?v=1748641500788:582
q.Jt @ tdvplayer.js?v=1748641500788:675
(anonymous) @ tdvplayer.js?v=1748641500788:3703
(anonymous) @ tdvplayer.js?v=1748641500788:3717
(anonymous) @ tdvplayer.js?v=1748641500788:491
(anonymous) @ tdvplayer.js?v=1748641500788:487
e.Cm @ tdvplayer.js?v=1748641500788:487
l.OQa @ tdvplayer.js?v=1748641500788:4011
l.W8a @ tdvplayer.js?v=1748641500788:4008
(anonymous) @ tdvplayer.js?v=1748641500788:4019
(anonymous) @ tdvplayer.js?v=1748641500788:256
setTimeout
r.delay @ tdvplayer.js?v=1748641500788:256
c @ tdvplayer.js?v=1748641500788:241
P @ tdvplayer.js?v=1748641500788:255
e.DXa @ tdvplayer.js?v=1748641500788:4019
(anonymous) @ tdvplayer.js?v=1748641500788:4019
(anonymous) @ tdvplayer.js?v=1748641500788:3659
h.Gz @ tdvplayer.js?v=1748641500788:516
h.trigger @ tdvplayer.js?v=1748641500788:515
t.load @ tdvplayer.js?v=1748641500788:3660
r.k9a @ tdvplayer.js?v=1748641500788:3659
e @ tdvplayer.js?v=1748641500788:4019
l.defineScript @ tdvplayer.js?v=1748641500788:211
(anonymous) @ script_general.js:230
(anonymous) @ script_general.js:232
tdvremote.js?v=1748641500788:1 change callState disconnected
tdvremote.js?v=1748641500788:1 initialize call [{…}]
tdvremote.js?v=1748641500788:1 change channelId ym8qhy2gkv0u
tdvremote.js?v=1748641500788:1 change channelState checking
tdvremote.js?v=1748641500788:1 fetchJSON call (2) [URL, 'GET']
tdvremote.js?v=1748641500788:1 initialize call [{…}]
tdvremote.js?v=1748641500788:1 change bugReportVisible false
tdvremote.js?v=1748641500788:1 setPlayer call [a]
tdvremote.js?v=1748641500788:1 change player a {Ip: e, zt: e, Qc: {…}}
tdvremote.js?v=1748641500788:1 setPlayer call [a]
tdvremote.js?v=1748641500788:1 change player a {Ip: e, zt: e, Qc: {…}}
tdvremote.js?v=1748641500788:1 [Search] Found existing searchContainer in DOM, updating element cache
index.htm:1 [DOM] Password field is not contained in a form: (More info: https://goo.gl/9p2vKq) <input class=​"password" type=​"password" placeholder=​"Enter password..." required>​
tdvremote.js?v=1748641500788:1 Exception handling event enableCookies ga is not defined ReferenceError: ga is not defined
    at enableCookies (http://127.0.0.1:5500/script.js?v=1748641500788:121:4)
    at a.Gz (http://127.0.0.1:5500/lib/tdvplayer.js?v=1748641500788:235:425)
    at http://127.0.0.1:5500/lib/tdvplayer.js?v=1748641500788:235:321
tdvremote.js?v=1748641500788:1 fetch response {response: {…}, request: {…}}
tdvremote.js?v=1748641500788:1 change channelState offline
tdvremote.js?v=1748641500788:1 change channelSilent true
business.google.com/:1 
            
            
           Failed to load resource: the server responded with a status of 403 ()
The resource <URL> was preloaded using link preload but not used within a few seconds from the window's load event. Please make sure it has an appropriate `as` value and it is preloaded intentionally.
The resource <URL> was preloaded using link preload but not used within a few seconds from the window's load event. Please make sure it has an appropriate `as` value and it is preloaded intentionally.
The resource <URL> was preloaded using link preload but not used within a few seconds from the window's load event. Please make sure it has an appropriate `as` value and it is preloaded intentionally.
The resource <URL> was preloaded using link preload but not used within a few seconds from the window's load event. Please make sure it has an appropriate `as` value and it is preloaded intentionally.
The resource <URL> was preloaded using link preload but not used within a few seconds from the window's load event. Please make sure it has an appropriate `as` value and it is preloaded intentionally.
tdvremote.js?v=1748641500788:1 [BUSINESS DATA] Attempting to load from: http://127.0.0.1:5500/search-pro-non-mod/business-data/business.json
tdvremote.js?v=1748641500788:1 [toggleSearch] Called with show = true
tdvremote.js?v=1748641500788:1 [toggleSearch] searchContainer display: none
tdvremote.js?v=1748641500788:1 [toggleSearch] resultsContainer display: flex
tdvremote.js?v=1748641500788:1 [toggleSearch] resultsSection display: block
tdvremote.js?v=1748641500788:1 [toggleSearch] resultsSection innerHTML: 
                
tdvremote.js?v=1748641500788:1 [toggleSearch] noResults display: flex
tdvremote.js?v=1748641500788:1 [toggleSearch] Showing search UI
tdvremote.js?v=1748641500788:1 [toggleSearch] After display block, resultsSection innerHTML: 
                
tdvremote.js?v=1748641500788:1 [toggleSearch] After display block, resultsSection display: block
tdvremote.js?v=1748641500788:1 [toggleSearch] Ignoring rapid toggle call, debouncing
tdvremote.js?v=1748641500788:1 [toggleSearch] After .visible add, resultsSection innerHTML: 
                
tdvremote.js?v=1748641500788:1 [toggleSearch] After .visible add, resultsSection display: block
tdvremote.js?v=1748641500788:1 [toggleSearch] Focused search input
tdvremote.js?v=1748641500788:1 [SearchPro-WARN] Tour not ready after waiting for 15000 ms.
(function() {
  // Helper function to extract common properties
  function extractElementData(el, type, parentId) {
    const data = el.get('data') || {};
    return {
      id: el.get('id'),
      name: data.label || data.name || el.get('label') || el.get('name') || "",
      description: data.description || "",
      imageUrl: data.imageUrl || "",
      elementType: type,
      parentId: parentId || undefined,
      tags: Array.isArray(data.tags) ? data.tags : (data.tags ? [data.tags] : []),
    };
  }

  const out = [];

  // Panoramas (from main playlist)
  try {
    const playlists = window.tour.player.getByClassName('PlayList') || [];
    playlists.forEach(playlist => {
      (playlist.get('items') || []).forEach(item => {
        const media = item.get('media');
        if (media && media.get('class') === 'Panorama') {
          out.push(extractElementData(media, "Panorama"));
        }
      });
    });
  } catch (err) {
    console.warn("Failed to extract panoramas:", err);
  }

  // Hotspots, Polygons, Webframes, ProjectedImage, Video
  try {
    const playlists = window.tour.player.getByClassName('PlayList') || [];
    playlists.forEach(playlist => {
      (playlist.get('items') || []).forEach(item => {
        const media = item.get('media');
        if (!media || media.get('class') !== 'Panorama') return;
        const overlays = media.get('overlays') || [];
        overlays.forEach(overlay => {
          const cls = overlay.get('class');
          let type = null;
          if (cls === "Hotspot") type = "Hotspot";
          else if (cls === "Polygon") type = "Polygon";
          else if (cls === "Webframe") type = "Webframe";
          else if (cls === "ProjectedImage") type = "ProjectedImage";
          else if (cls === "Video") type = "Video";
          else return;
          out.push(extractElementData(overlay, type, media.get('id')));
        });
      });
    });
  } catch (err) {
    console.warn("Failed to extract overlays:", err);
  }

  // Output as JSON
  console.log("Tour elements for JSON:", JSON.stringify(out, null, 2));
})();

tdvremote.js?v=1748641500788:1 Tour elements for JSON: [
  {
    "id": "panorama_1F4F3504_1693_C368_4155_CD0C98E5CBB4",
    "name": "Room-1",
    "description": "",
    "imageUrl": "",
    "elementType": "Panorama",
    "tags": []
  },
  {
    "id": "panorama_FD134B42_CA7D_AC2A_41E0_59846BC1318E",
    "name": "",
    "description": "",
    "imageUrl": "",
    "elementType": "Panorama",
    "tags": [
      "MyCoolTag_01"
    ]
  },
  {
    "id": "panorama_F15D7F82_CA7D_A42A_41C6_927DF9112683",
    "name": "Room-3",
    "description": "",
    "imageUrl": "",
    "elementType": "Panorama",
    "tags": [
      "MyCoolTour_3_and_4"
    ]
  },
  {
    "id": "panorama_F151638B_CA7D_BC3A_4175_209ED67A3320",
    "name": "",
    "description": "",
    "imageUrl": "",
    "elementType": "Panorama",
    "tags": [
      "MyCoolTour_3_and_4",
      "MyCoolTag_04"
    ]
  },
  {
    "id": "panorama_F289242C_D090_0A56_41E5_7B2C79291A3C",
    "name": "",
    "description": "",
    "imageUrl": "",
    "elementType": "Panorama",
    "tags": []
  },
  {
    "id": "panorama_F151638B_CA7D_BC3A_4175_209ED67A3320",
    "name": "",
    "description": "",
    "imageUrl": "",
    "elementType": "Panorama",
    "tags": [
      "MyCoolTour_3_and_4",
      "MyCoolTag_04"
    ]
  },
  {
    "id": "panorama_FD134B42_CA7D_AC2A_41E0_59846BC1318E",
    "name": "",
    "description": "",
    "imageUrl": "",
    "elementType": "Panorama",
    "tags": [
      "MyCoolTag_01"
    ]
  },
  {
    "id": "panorama_1F4F3504_1693_C368_4155_CD0C98E5CBB4",
    "name": "Room-1",
    "description": "",
    "imageUrl": "",
    "elementType": "Panorama",
    "tags": []
  },
  {
    "id": "panorama_FD134B42_CA7D_AC2A_41E0_59846BC1318E",
    "name": "",
    "description": "",
    "imageUrl": "",
    "elementType": "Panorama",
    "tags": [
      "MyCoolTag_01"
    ]
  },
  {
    "id": "panorama_F15D7F82_CA7D_A42A_41C6_927DF9112683",
    "name": "Room-3",
    "description": "",
    "imageUrl": "",
    "elementType": "Panorama",
    "tags": [
      "MyCoolTour_3_and_4"
    ]
  },
  {
    "id": "panorama_F151638B_CA7D_BC3A_4175_209ED67A3320",
    "name": "",
    "description": "",
    "imageUrl": "",
    "elementType": "Panorama",
    "tags": [
      "MyCoolTour_3_and_4",
      "MyCoolTag_04"
    ]
  },
  {
    "id": "panorama_F289242C_D090_0A56_41E5_7B2C79291A3C",
    "name": "",
    "description": "",
    "imageUrl": "",
    "elementType": "Panorama",
    "tags": []
  }
]
undefined
