tdvremote.js?v=1750387662973:1 🎬 Animation options set: {enabled: true, duration: {…}, easing: 'cubic-bezier(0.22, 1, 0.36, 1)', searchBar: {…}, results: {…}, …}
tdvremote.js?v=1750387662973:1 PXL 360 Player v:2176
tdvremote.js?v=1750387662973:1 Local Fuse.js loaded successfully
tdvplayer.js?v=1750387662973:7961 [Violation] 'setTimeout' handler took 54ms
tdvplayer.js?v=1750387662973:5215 Unrecognized feature: 'vr'.
attr @ tdvplayer.js?v=1750387662973:5215
$ @ tdvplayer.js?v=1750387662973:3127
attr @ tdvplayer.js?v=1750387662973:5190
a.Hb @ tdvplayer.js?v=1750387662973:91563
e.y1a @ tdvplayer.js?v=1750387662973:86371
e.oa @ tdvplayer.js?v=1750387662973:86365
e.$Z @ tdvplayer.js?v=1750387662973:86403
m @ tdvplayer.js?v=1750387662973:11443
Promise.then
YB @ tdvplayer.js?v=1750387662973:11463
e.sx @ tdvplayer.js?v=1750387662973:86399
e.zT @ tdvplayer.js?v=1750387662973:86346
q.zT @ tdvplayer.js?v=1750387662973:13669
q.rba @ tdvplayer.js?v=1750387662973:13657
q.Jt @ tdvplayer.js?v=1750387662973:13216
q.Jt @ tdvplayer.js?v=1750387662973:15691
(anonymous) @ tdvplayer.js?v=1750387662973:86433
(anonymous) @ tdvplayer.js?v=1750387662973:86813
(anonymous) @ tdvplayer.js?v=1750387662973:10788
(anonymous) @ tdvplayer.js?v=1750387662973:10671
e.Cm @ tdvplayer.js?v=1750387662973:10670
l.OQa @ tdvplayer.js?v=1750387662973:92951
l.W8a @ tdvplayer.js?v=1750387662973:92869
(anonymous) @ tdvplayer.js?v=1750387662973:93200
(anonymous) @ tdvplayer.js?v=1750387662973:7962
setTimeout
r.delay @ tdvplayer.js?v=1750387662973:7961
c @ tdvplayer.js?v=1750387662973:7464
P @ tdvplayer.js?v=1750387662973:7936
e.DXa @ tdvplayer.js?v=1750387662973:93197
(anonymous) @ tdvplayer.js?v=1750387662973:93176
(anonymous) @ tdvplayer.js?v=1750387662973:85293
h.Hz @ tdvplayer.js?v=1750387662973:11582
h.trigger @ tdvplayer.js?v=1750387662973:11537
t.load @ tdvplayer.js?v=1750387662973:85338
r.k9a @ tdvplayer.js?v=1750387662973:85298
e @ tdvplayer.js?v=1750387662973:93172
l.defineScript @ tdvplayer.js?v=1750387662973:6842
(anonymous) @ script_general.js:5243
(anonymous) @ script_general.js:5245
tdvplayer.js?v=1750387662973:5215 Allow attribute will take precedence over 'allowfullscreen'.
attr @ tdvplayer.js?v=1750387662973:5215
$ @ tdvplayer.js?v=1750387662973:3127
attr @ tdvplayer.js?v=1750387662973:5190
a.Hb @ tdvplayer.js?v=1750387662973:91563
e.y1a @ tdvplayer.js?v=1750387662973:86371
e.oa @ tdvplayer.js?v=1750387662973:86365
e.$Z @ tdvplayer.js?v=1750387662973:86403
m @ tdvplayer.js?v=1750387662973:11443
Promise.then
YB @ tdvplayer.js?v=1750387662973:11463
e.sx @ tdvplayer.js?v=1750387662973:86399
e.zT @ tdvplayer.js?v=1750387662973:86346
q.zT @ tdvplayer.js?v=1750387662973:13669
q.rba @ tdvplayer.js?v=1750387662973:13657
q.Jt @ tdvplayer.js?v=1750387662973:13216
q.Jt @ tdvplayer.js?v=1750387662973:15691
(anonymous) @ tdvplayer.js?v=1750387662973:86433
(anonymous) @ tdvplayer.js?v=1750387662973:86813
(anonymous) @ tdvplayer.js?v=1750387662973:10788
(anonymous) @ tdvplayer.js?v=1750387662973:10671
e.Cm @ tdvplayer.js?v=1750387662973:10670
l.OQa @ tdvplayer.js?v=1750387662973:92951
l.W8a @ tdvplayer.js?v=1750387662973:92869
(anonymous) @ tdvplayer.js?v=1750387662973:93200
(anonymous) @ tdvplayer.js?v=1750387662973:7962
setTimeout
r.delay @ tdvplayer.js?v=1750387662973:7961
c @ tdvplayer.js?v=1750387662973:7464
P @ tdvplayer.js?v=1750387662973:7936
e.DXa @ tdvplayer.js?v=1750387662973:93197
(anonymous) @ tdvplayer.js?v=1750387662973:93176
(anonymous) @ tdvplayer.js?v=1750387662973:85293
h.Hz @ tdvplayer.js?v=1750387662973:11582
h.trigger @ tdvplayer.js?v=1750387662973:11537
t.load @ tdvplayer.js?v=1750387662973:85338
r.k9a @ tdvplayer.js?v=1750387662973:85298
e @ tdvplayer.js?v=1750387662973:93172
l.defineScript @ tdvplayer.js?v=1750387662973:6842
(anonymous) @ script_general.js:5243
(anonymous) @ script_general.js:5245
tdvremote.js?v=1750387662973:1 change callState disconnected
tdvremote.js?v=1750387662973:1 initialize call [{…}]
tdvremote.js?v=1750387662973:1 change channelId ym8qhy2gkv0u
tdvremote.js?v=1750387662973:1 change channelState checking
tdvremote.js?v=1750387662973:1 fetchJSON call (2) [URL, 'GET']
tdvremote.js?v=1750387662973:1 initialize call [{…}]
tdvremote.js?v=1750387662973:1 change bugReportVisible false
tdvremote.js?v=1750387662973:1 setPlayer call [a]
tdvremote.js?v=1750387662973:1 change player a {Ip: e, zt: e, Qc: {…}}
tdvremote.js?v=1750387662973:1 setPlayer call [a]
tdvremote.js?v=1750387662973:1 change player a {Ip: e, zt: e, Qc: {…}}
tdvremote.js?v=1750387662973:1 [Search] Logger not properly initialized, using console fallback
d.warn @ tdvremote.js?v=1750387662973:1
(anonymous) @ search-01-non-mod.js:8208
setTimeout
(anonymous) @ search-01-non-mod.js:8206
tdvremote.js?v=1750387662973:1 [Search] DEBUG: [Search] Found existing searchContainer in DOM, updating element cache
tdvremote.js?v=1750387662973:1 🎬 Processing animation configuration: {enabled: false, duration: {…}, easing: 'ease-out', searchBar: {…}, results: {…}, …}
tdvremote.js?v=1750387662973:1 🎬 CSS Variables Updated: enabled=false
tdvremote.js?v=1750387662973:1 🎬 Final animation config: {enabled: false, duration: {…}, easing: 'ease-out', searchBar: {…}, results: {…}, …}
tdvremote.js?v=1750387662973:1 Thumbnail settings: {enableThumbnails: true, thumbnailSize: 'medium', thumbnailSizePx: 120, borderRadius: 4, borderColor: '#9CBBFF', …}
tdvremote.js?v=1750387662973:1 🔍 ENHANCED SHADOW DEBUG - Configuration Values:
tdvremote.js?v=1750387662973:1   Result Items enabled: true
tdvremote.js?v=1750387662973:1   Search Bar enabled: true
tdvremote.js?v=1750387662973:1   Results Container enabled: true
tdvremote.js?v=1750387662973:1   Hover Effects enabled: true
tdvremote.js?v=1750387662973:1   Optimization Mode: optimized
tdvremote.js?v=1750387662973:1 🔍 ENHANCED SHADOW DEBUG - CSS Variables Set:
tdvremote.js?v=1750387662973:1   --result-item-shadow: 2px 4px 0px rgba(0,0,0,0.1)
tdvremote.js?v=1750387662973:1   --search-bar-shadow: 1px 3px 0px rgba(0,0,0,0.08)
tdvremote.js?v=1750387662973:1   --results-container-shadow: 3px 6px 0px rgba(0,0,0,0.1)
tdvremote.js?v=1750387662973:1   --hover-lift-distance: 2px
tdvremote.js?v=1750387662973:1   --hover-shadow-increase: 3px
tdvremote.js?v=1750387662973:1 🔍 SHADOW DEBUG - Configuration Values:
tdvremote.js?v=1750387662973:1   Config enabled: true
tdvremote.js?v=1750387662973:1   OptimizeShadows: true
tdvremote.js?v=1750387662973:1 🔍 SHADOW DEBUG - CSS Variables Set:
tdvremote.js?v=1750387662973:1   --result-item-shadow: 2px 4px 0px rgba(0,0,0,0.1)
tdvremote.js?v=1750387662973:1   --search-bar-shadow: 1px 3px 0px rgba(0,0,0,0.08)
tdvremote.js?v=1750387662973:1   --results-container-shadow: 3px 6px 0px rgba(0,0,0,0.1)
tdvremote.js?v=1750387662973:1 🔍 SHADOW DEBUG - Data Attributes:
tdvremote.js?v=1750387662973:1   searchContainer data-shadow-enabled: null
tdvremote.js?v=1750387662973:1   searchResults data-shadow-enabled: null
tdvremote.js?v=1750387662973:1   html data-result-shadow-enabled: null
tdvremote.js?v=1750387662973:1 🔍 FULL SHADOW CONFIG: {"optimizeShadows":true,"resultItems":{"enabled":true,"color":"rgba(0,0,0,0.1)","offsetY":2,"blur":4,"spread":0},"searchBar":{"enabled":true,"color":"rgba(0,0,0,0.08)","offsetY":1,"blur":3,"spread":0},"resultsContainer":{"enabled":true,"color":"rgba(0,0,0,0.1)","offsetY":3,"blur":6,"spread":0},"hoverEffect":{"enabled":true,"liftDistance":2,"shadowIncrease":3}}
tdvremote.js?v=1750387662973:1 🎬 Setting animation CSS variables: {enabled: false, duration: {…}, easing: 'ease-out', searchBar: {…}, results: {…}, …}
tdvremote.js?v=1750387662973:1 🎬 Animations enabled: false
tdvremote.js?v=1750387662973:1 🎬 Prefers reduced motion: false
tdvremote.js?v=1750387662973:1 🎬 Animation CSS variables applied
tdvremote.js?v=1750387662973:1 🎬 Animation options set: {enabled: false, duration: {…}, easing: 'ease-out', searchBar: {…}, results: {…}, …}
tdvremote.js?v=1750387662973:1 Thumbnail settings: {enableThumbnails: false, thumbnailSize: 'medium', thumbnailSizePx: 48, borderRadius: 4, borderColor: '#9CBBFF', …}
tdvremote.js?v=1750387662973:1 🔍 ENHANCED SHADOW DEBUG - Configuration Values:
tdvremote.js?v=1750387662973:1   Result Items enabled: true
tdvremote.js?v=1750387662973:1   Search Bar enabled: true
tdvremote.js?v=1750387662973:1   Results Container enabled: true
tdvremote.js?v=1750387662973:1   Hover Effects enabled: true
tdvremote.js?v=1750387662973:1   Optimization Mode: optimized
tdvremote.js?v=1750387662973:1 🔍 ENHANCED SHADOW DEBUG - CSS Variables Set:
tdvremote.js?v=1750387662973:1   --result-item-shadow: 2px 4px 0px rgba(0,0,0,0.1)
tdvremote.js?v=1750387662973:1   --search-bar-shadow: 1px 3px 0px rgba(0,0,0,0.08)
tdvremote.js?v=1750387662973:1   --results-container-shadow: 3px 6px 0px rgba(0,0,0,0.1)
tdvremote.js?v=1750387662973:1   --hover-lift-distance: 2px
tdvremote.js?v=1750387662973:1   --hover-shadow-increase: 3px
tdvremote.js?v=1750387662973:1 🔍 SHADOW DEBUG - Configuration Values:
tdvremote.js?v=1750387662973:1   Config enabled: true
tdvremote.js?v=1750387662973:1   OptimizeShadows: true
tdvremote.js?v=1750387662973:1 🔍 SHADOW DEBUG - CSS Variables Set:
tdvremote.js?v=1750387662973:1   --result-item-shadow: 2px 4px 0px rgba(0,0,0,0.1)
tdvremote.js?v=1750387662973:1   --search-bar-shadow: 1px 3px 0px rgba(0,0,0,0.08)
tdvremote.js?v=1750387662973:1   --results-container-shadow: 3px 6px 0px rgba(0,0,0,0.1)
tdvremote.js?v=1750387662973:1 🔍 SHADOW DEBUG - Data Attributes:
tdvremote.js?v=1750387662973:1   searchContainer data-shadow-enabled: null
tdvremote.js?v=1750387662973:1   searchResults data-shadow-enabled: null
tdvremote.js?v=1750387662973:1   html data-result-shadow-enabled: null
tdvremote.js?v=1750387662973:1 🔍 FULL SHADOW CONFIG: {"optimizeShadows":true,"resultItems":{"enabled":true,"color":"rgba(0,0,0,0.1)","offsetY":2,"blur":4,"spread":0},"searchBar":{"enabled":true,"color":"rgba(0,0,0,0.08)","offsetY":1,"blur":3,"spread":0},"resultsContainer":{"enabled":true,"color":"rgba(0,0,0,0.1)","offsetY":3,"blur":6,"spread":0},"hoverEffect":{"enabled":true,"liftDistance":2,"shadowIncrease":3}}
tdvremote.js?v=1750387662973:1 [DEBUG] Google Sheets URL being used: https://docs.google.com/spreadsheets/d/e/2PACX-1vQrQ9oy4JjwYAdTG1DKne9cu76PZCrZgtIOCX56sxVoBwRzys36mTqvFMvTE2TB-f-k5yZz_uWwW5Ou/pub?output=csv
tdvremote.js?v=1750387662973:1 Thumbnail settings: {enableThumbnails: false, thumbnailSize: 'medium', thumbnailSizePx: 48, borderRadius: 4, borderColor: '#9CBBFF', …}
tdvremote.js?v=1750387662973:1 [Search] DEBUG: [DEBUG] Google Sheets Config Applied: {useGoogleSheetData: false, googleSheetUrl: 'https://docs.google.com/spreadsheets/d/e/2PACX-1vQ…Rzys36mTqvFMvTE2TB-f-k5yZz_uWwW5Ou/pub?output=csv', useLocalCSV: false, localCSVFile: 'search-data.csv', localCSVDir: 'business-data', …}
index.htm:1 [DOM] Password field is not contained in a form: (More info: https://goo.gl/9p2vKq) <input class=​"password" type=​"password" placeholder=​"Enter password..." required>​
tdvremote.js?v=1750387662973:1 Exception handling event enableCookies ga is not defined ReferenceError: ga is not defined
    at enableCookies (http://127.0.0.1:5501/script.js?v=1750387662973:6464:3)
    at a.Hz (http://127.0.0.1:5501/lib/tdvplayer.js?v=1750387662973:7318:26)
    at http://127.0.0.1:5501/lib/tdvplayer.js?v=1750387662973:7310:15
tdvremote.js?v=1750387662973:1 🔍 COMPUTED STYLES - Search Field: rgba(0, 0, 0, 0.08) 1px 3px 0px 0px
tdvremote.js?v=1750387662973:1 🔍 COMPUTED STYLES - Search Results: rgba(0, 0, 0, 0.1) 3px 6px 0px 0px
tdvremote.js?v=1750387662973:1 🔍 COMPUTED STYLES - Search Field: rgba(0, 0, 0, 0.08) 1px 3px 0px 0px
tdvremote.js?v=1750387662973:1 🔍 COMPUTED STYLES - Search Results: rgba(0, 0, 0, 0.1) 3px 6px 0px 0px
tdvremote.js?v=1750387662973:1 fetch response {response: {…}, request: {…}}
tdvremote.js?v=1750387662973:1 change channelState offline
tdvremote.js?v=1750387662973:1 change channelSilent true
business.google.com/:1 
            
            
           Failed to load resource: the server responded with a status of 403 ()
tdvremote.js?v=1750387662973:1 [PANORAMA DEBUG] Processing panorama 0: {label: 'Room-1', subtitle: '', tags: Array(0), mediaId: 'panorama_1F4F3504_1693_C368_4155_CD0C98E5CBB4'}
tdvremote.js?v=1750387662973:1 [DEBUG] Checking ID: overlay_f1e4faff_ca7c_adda_41dd_d21758a4fdc1
tdvremote.js?v=1750387662973:1 [DEBUG] Checking ID: framepanoramaoverlay_925837fc_d070_75b6_41b3_f77883c2c479
tdvremote.js?v=1750387662973:1 [DEBUG] Checking ID: overlay_80dbad6b_d090_1ad2_41a2_6eff0920e29e
tdvremote.js?v=1750387662973:1 [PANORAMA DEBUG] Processing panorama 1: {label: '', subtitle: '', tags: Array(1), mediaId: 'panorama_FD134B42_CA7D_AC2A_41E0_59846BC1318E'}
tdvremote.js?v=1750387662973:1 [LABEL DEBUG] Using tags as label: "MyCoolTag_01"
tdvremote.js?v=1750387662973:1 [LABEL DEBUG] Using tags as label: "MyCoolTag_01"
tdvremote.js?v=1750387662973:1 [DEBUG] Checking ID: overlay_f1e17b00_ca7c_ac26_41de_5e163ba21e1c
tdvremote.js?v=1750387662973:1 [DEBUG] Checking ID: overlay_f1a702bd_ca7c_9c5e_41e6_e910ed2fc626
tdvremote.js?v=1750387662973:1 [DEBUG] Checking ID: overlay_f1bb4914_ca7d_ac2e_41a0_0ccbaeeedf69
tdvremote.js?v=1750387662973:1 [DEBUG] Checking ID: overlay_e6c2dd2f_d070_3a52_41a0_83c286a7c5d1
tdvremote.js?v=1750387662973:1 [PANORAMA DEBUG] Processing panorama 2: {label: 'Room-3', subtitle: 'Facility-3', tags: Array(1), mediaId: 'panorama_F15D7F82_CA7D_A42A_41C6_927DF9112683'}
tdvremote.js?v=1750387662973:1 [DEBUG] Checking ID: overlay_f1c73914_ca7d_ac2e_41bd_79c6c84901b8
tdvremote.js?v=1750387662973:1 [DEBUG] Checking ID: overlay_8161a12c_d070_0a56_41e6_9af4a6262526
tdvremote.js?v=1750387662973:1 [PANORAMA DEBUG] Processing panorama 3: {label: '', subtitle: 'Facility-4', tags: Array(2), mediaId: 'panorama_F151638B_CA7D_BC3A_4175_209ED67A3320'}
tdvremote.js?v=1750387662973:1 [LABEL DEBUG] Using subtitle as label: "Facility-4"
tdvremote.js?v=1750387662973:1 [LABEL DEBUG] Using subtitle as label: "Facility-4"
tdvremote.js?v=1750387662973:1 [DEBUG] Checking ID: overlay_f1a012bd_ca7c_9c5e_41b8_83982c5b3ddf
tdvremote.js?v=1750387662973:1 [DEBUG] Checking ID: overlay_ec5e7c6a_ca9d_a4fa_41e1_6438e3839339
tdvremote.js?v=1750387662973:1 [DEBUG] Checking ID: overlay_97b447f6_d070_15b2_41e7_3f131b16635c
tdvremote.js?v=1750387662973:1 [DEBUG] Checking ID: overlay_98f8eb39_d070_1ebe_41c7_6901a9686898
tdvremote.js?v=1750387662973:1 [PANORAMA DEBUG] Processing panorama 5: {label: 'Technimark-360-video-sample', subtitle: '', tags: Array(0), mediaId: 'media_9EAA4B28_D090_1E5E_41D1_B73F7FE1363B'}
tdvremote.js?v=1750387662973:1 [PANORAMA DEBUG] Processing panorama 6: {label: '', subtitle: '', tags: Array(0), mediaId: 'panorama_F289242C_D090_0A56_41E5_7B2C79291A3C'}
tdvremote.js?v=1750387662973:1 [DEBUG] Checking ID: overlay_d003cfa4_f3df_6f8d_41e2_e855493590b6
tdvremote.js?v=1750387662973:1 [PANORAMA DEBUG] Processing panorama 7: {label: 'Photo-Album-01', subtitle: 'Subtitle-Photo-Album-01', tags: Array(0), mediaId: 'album_4E859ECB_6AE7_F763_41D3_199737EB562D'}
tdvremote.js?v=1750387662973:1 [PANORAMA DEBUG] Processing panorama 8: {label: 'Placeholder-video-01', subtitle: 'Placeholder-video-Subtitle-01', tags: Array(1), mediaId: 'video_E7DE24EC_D070_0BD6_41E6_DF11410992CB'}
tdvremote.js?v=1750387662973:1 Thumbnail settings: {enableThumbnails: false, thumbnailSize: 'medium', thumbnailSizePx: 48, borderRadius: 4, borderColor: '#9CBBFF', …}
tdvremote.js?v=1750387662973:1 🔍 ENHANCED SHADOW DEBUG - Configuration Values:
tdvremote.js?v=1750387662973:1   Result Items enabled: true
tdvremote.js?v=1750387662973:1   Search Bar enabled: true
tdvremote.js?v=1750387662973:1   Results Container enabled: true
tdvremote.js?v=1750387662973:1   Hover Effects enabled: true
tdvremote.js?v=1750387662973:1   Optimization Mode: optimized
tdvremote.js?v=1750387662973:1 🔍 ENHANCED SHADOW DEBUG - CSS Variables Set:
tdvremote.js?v=1750387662973:1   --result-item-shadow: 2px 4px 0px rgba(0,0,0,0.1)
tdvremote.js?v=1750387662973:1   --search-bar-shadow: 1px 3px 0px rgba(0,0,0,0.08)
tdvremote.js?v=1750387662973:1   --results-container-shadow: 3px 6px 0px rgba(0,0,0,0.1)
tdvremote.js?v=1750387662973:1   --hover-lift-distance: 2px
tdvremote.js?v=1750387662973:1   --hover-shadow-increase: 3px
tdvremote.js?v=1750387662973:1 🔍 SHADOW DEBUG - Configuration Values:
tdvremote.js?v=1750387662973:1   Config enabled: true
tdvremote.js?v=1750387662973:1   OptimizeShadows: true
tdvremote.js?v=1750387662973:1 🔍 SHADOW DEBUG - CSS Variables Set:
tdvremote.js?v=1750387662973:1   --result-item-shadow: 2px 4px 0px rgba(0,0,0,0.1)
tdvremote.js?v=1750387662973:1   --search-bar-shadow: 1px 3px 0px rgba(0,0,0,0.08)
tdvremote.js?v=1750387662973:1   --results-container-shadow: 3px 6px 0px rgba(0,0,0,0.1)
tdvremote.js?v=1750387662973:1 🔍 SHADOW DEBUG - Data Attributes:
tdvremote.js?v=1750387662973:1   searchContainer data-shadow-enabled: null
tdvremote.js?v=1750387662973:1   searchResults data-shadow-enabled: null
tdvremote.js?v=1750387662973:1   html data-result-shadow-enabled: null
tdvremote.js?v=1750387662973:1 🔍 FULL SHADOW CONFIG: {"optimizeShadows":true,"resultItems":{"enabled":true,"color":"rgba(0,0,0,0.1)","offsetY":2,"blur":4,"spread":0},"searchBar":{"enabled":true,"color":"rgba(0,0,0,0.08)","offsetY":1,"blur":3,"spread":0},"resultsContainer":{"enabled":true,"color":"rgba(0,0,0,0.1)","offsetY":3,"blur":6,"spread":0},"hoverEffect":{"enabled":true,"liftDistance":2,"shadowIncrease":3}}
tdvremote.js?v=1750387662973:1 🎬 Animation config: {enabled: false, duration: {…}, easing: 'ease-out', searchBar: {…}, results: {…}, …}
tdvremote.js?v=1750387662973:1 🎬 Animations enabled: false
tdvremote.js?v=1750387662973:1 [toggleSearch] Showing search UI
tdvremote.js?v=1750387662973:1 🎬 Animations disabled - showing immediately
tdvremote.js?v=1750387662973:1 [PANORAMA DEBUG] Processing panorama 0: {label: 'Room-1', subtitle: '', tags: Array(0), mediaId: 'panorama_1F4F3504_1693_C368_4155_CD0C98E5CBB4'}
tdvremote.js?v=1750387662973:1 [DEBUG] Checking ID: overlay_f1e4faff_ca7c_adda_41dd_d21758a4fdc1
tdvremote.js?v=1750387662973:1 [DEBUG] Checking ID: framepanoramaoverlay_925837fc_d070_75b6_41b3_f77883c2c479
tdvremote.js?v=1750387662973:1 [DEBUG] Checking ID: overlay_80dbad6b_d090_1ad2_41a2_6eff0920e29e
tdvremote.js?v=1750387662973:1 [PANORAMA DEBUG] Processing panorama 1: {label: '', subtitle: '', tags: Array(1), mediaId: 'panorama_FD134B42_CA7D_AC2A_41E0_59846BC1318E'}
tdvremote.js?v=1750387662973:1 [LABEL DEBUG] Using tags as label: "MyCoolTag_01"
tdvremote.js?v=1750387662973:1 [LABEL DEBUG] Using tags as label: "MyCoolTag_01"
tdvremote.js?v=1750387662973:1 [DEBUG] Checking ID: overlay_f1e17b00_ca7c_ac26_41de_5e163ba21e1c
tdvremote.js?v=1750387662973:1 [DEBUG] Checking ID: overlay_f1a702bd_ca7c_9c5e_41e6_e910ed2fc626
tdvremote.js?v=1750387662973:1 [DEBUG] Checking ID: overlay_f1bb4914_ca7d_ac2e_41a0_0ccbaeeedf69
tdvremote.js?v=1750387662973:1 [DEBUG] Checking ID: overlay_e6c2dd2f_d070_3a52_41a0_83c286a7c5d1
tdvremote.js?v=1750387662973:1 [PANORAMA DEBUG] Processing panorama 2: {label: 'Room-3', subtitle: 'Facility-3', tags: Array(1), mediaId: 'panorama_F15D7F82_CA7D_A42A_41C6_927DF9112683'}
tdvremote.js?v=1750387662973:1 [DEBUG] Checking ID: overlay_f1c73914_ca7d_ac2e_41bd_79c6c84901b8
tdvremote.js?v=1750387662973:1 [DEBUG] Checking ID: overlay_8161a12c_d070_0a56_41e6_9af4a6262526
tdvremote.js?v=1750387662973:1 [PANORAMA DEBUG] Processing panorama 3: {label: '', subtitle: 'Facility-4', tags: Array(2), mediaId: 'panorama_F151638B_CA7D_BC3A_4175_209ED67A3320'}
tdvremote.js?v=1750387662973:1 [LABEL DEBUG] Using subtitle as label: "Facility-4"
tdvremote.js?v=1750387662973:1 [LABEL DEBUG] Using subtitle as label: "Facility-4"
tdvremote.js?v=1750387662973:1 [DEBUG] Checking ID: overlay_f1a012bd_ca7c_9c5e_41b8_83982c5b3ddf
tdvremote.js?v=1750387662973:1 [DEBUG] Checking ID: overlay_ec5e7c6a_ca9d_a4fa_41e1_6438e3839339
tdvremote.js?v=1750387662973:1 [DEBUG] Checking ID: overlay_97b447f6_d070_15b2_41e7_3f131b16635c
tdvremote.js?v=1750387662973:1 [DEBUG] Checking ID: overlay_98f8eb39_d070_1ebe_41c7_6901a9686898
tdvremote.js?v=1750387662973:1 [PANORAMA DEBUG] Processing panorama 5: {label: 'Technimark-360-video-sample', subtitle: '', tags: Array(0), mediaId: 'media_9EAA4B28_D090_1E5E_41D1_B73F7FE1363B'}
tdvremote.js?v=1750387662973:1 [PANORAMA DEBUG] Processing panorama 6: {label: '', subtitle: '', tags: Array(0), mediaId: 'panorama_F289242C_D090_0A56_41E5_7B2C79291A3C'}
tdvremote.js?v=1750387662973:1 [DEBUG] Checking ID: overlay_d003cfa4_f3df_6f8d_41e2_e855493590b6
tdvremote.js?v=1750387662973:1 [PANORAMA DEBUG] Processing panorama 7: {label: 'Photo-Album-01', subtitle: 'Subtitle-Photo-Album-01', tags: Array(0), mediaId: 'album_4E859ECB_6AE7_F763_41D3_199737EB562D'}
tdvremote.js?v=1750387662973:1 [PANORAMA DEBUG] Processing panorama 8: {label: 'Placeholder-video-01', subtitle: 'Placeholder-video-Subtitle-01', tags: Array(1), mediaId: 'video_E7DE24EC_D070_0BD6_41E6_DF11410992CB'}
tdvremote.js?v=1750387662973:1 [toggleSearch] Ignoring rapid toggle call, debouncing
tdvremote.js?v=1750387662973:1 🔍 COMPUTED STYLES - Search Field: rgba(0, 0, 0, 0.08) 1px 3px 0px 0px
tdvremote.js?v=1750387662973:1 🔍 COMPUTED STYLES - Search Results: rgba(0, 0, 0, 0.1) 3px 6px 0px 0px
index.htm:1 The resource http://127.0.0.1:5501/script_general.js?v=1750387662973 was preloaded using link preload but not used within a few seconds from the window's load event. Please make sure it has an appropriate `as` value and it is preloaded intentionally.
